[2019-11-02 18:11:33.281] [renderer1] [error] <semantic> TypeScript Server Error (3.6.3)
Cannot read property 'emitNode' of undefined
TypeError: Cannot read property 'emitNode' of undefined
    at Object.getCommentRange (tsserver.js:65828:29)
    at emitNodeList (tsserver.js:89502:51)
    at emitList (tsserver.js:89381:13)
    at Object.writeList (tsserver.js:86818:13)
    at tsserver.js:110952:29
    at Object.mapToDisplayParts (tsserver.js:100181:13)
    at itemInfoForParameters (tsserver.js:110949:41)
    at getSignatureHelpItem (tsserver.js:110915:95)
    at tsserver.js:110888:79
    at Array.map (<anonymous>)
    at createSignatureHelpItems (tsserver.js:110888:36)
    at tsserver.js:110480:23
    at Object.runWithCancellationToken (tsserver.js:32458:28)
    at Object.getSignatureHelpItems (tsserver.js:110478:32)
    at Object.getSignatureHelpItems (tsserver.js:125709:37)
    at IOSession.Session.getSignatureHelpItems (tsserver.js:134816:62)
    at Session.handlers.ts.createMapFromTemplate._a.(anonymous function) (tsserver.js:133744:61)
    at tsserver.js:135256:88
    at IOSession.Session.executeWithRequestId (tsserver.js:135247:28)
    at IOSession.Session.executeCommand (tsserver.js:135256:33)
    at IOSession.Session.onMessage (tsserver.js:135279:35)
    at Interface.<anonymous> (tsserver.js:136594:27)
    at Interface.emit (events.js:182:13)
    at Interface._onLine (readline.js:290:10)
    at Interface._normalWrite (readline.js:433:12)
    at Socket.ondata (readline.js:149:10)
    at Socket.emit (events.js:182:13)
    at addChunk (_stream_readable.js:283:12)
    at readableAddChunk (_stream_readable.js:264:11)
    at Socket.Readable.push (_stream_readable.js:219:10)
    at Pipe.onStreamRead [as onread] (internal/stream_base_commons.js:94:17): Error: <semantic> TypeScript Server Error (3.6.3)
Cannot read property 'emitNode' of undefined
TypeError: Cannot read property 'emitNode' of undefined
    at Object.getCommentRange (tsserver.js:65828:29)
    at emitNodeList (tsserver.js:89502:51)
    at emitList (tsserver.js:89381:13)
    at Object.writeList (tsserver.js:86818:13)
    at tsserver.js:110952:29
    at Object.mapToDisplayParts (tsserver.js:100181:13)
    at itemInfoForParameters (tsserver.js:110949:41)
    at getSignatureHelpItem (tsserver.js:110915:95)
    at tsserver.js:110888:79
    at Array.map (<anonymous>)
    at createSignatureHelpItems (tsserver.js:110888:36)
    at tsserver.js:110480:23
    at Object.runWithCancellationToken (tsserver.js:32458:28)
    at Object.getSignatureHelpItems (tsserver.js:110478:32)
    at Object.getSignatureHelpItems (tsserver.js:125709:37)
    at IOSession.Session.getSignatureHelpItems (tsserver.js:134816:62)
    at Session.handlers.ts.createMapFromTemplate._a.(anonymous function) (tsserver.js:133744:61)
    at tsserver.js:135256:88
    at IOSession.Session.executeWithRequestId (tsserver.js:135247:28)
    at IOSession.Session.executeCommand (tsserver.js:135256:33)
    at IOSession.Session.onMessage (tsserver.js:135279:35)
    at Interface.<anonymous> (tsserver.js:136594:27)
    at Interface.emit (events.js:182:13)
    at Interface._onLine (readline.js:290:10)
    at Interface._normalWrite (readline.js:433:12)
    at Socket.ondata (readline.js:149:10)
    at Socket.emit (events.js:182:13)
    at addChunk (_stream_readable.js:283:12)
    at readableAddChunk (_stream_readable.js:264:11)
    at Socket.Readable.push (_stream_readable.js:219:10)
    at Pipe.onStreamRead [as onread] (internal/stream_base_commons.js:94:17)
	at Function.create (/usr/share/code/resources/app/extensions/typescript-language-features/dist/extension.js:53:63415)
	at h.dispatchResponse (/usr/share/code/resources/app/extensions/typescript-language-features/dist/extension.js:53:56570)
	at h.dispatchMessage (/usr/share/code/resources/app/extensions/typescript-language-features/dist/extension.js:53:55468)
	at _reader.onData.e (/usr/share/code/resources/app/extensions/typescript-language-features/dist/extension.js:53:54944)
	at l.fire (/usr/share/code/resources/app/out/vs/workbench/services/extensions/node/extensionHostProcess.js:50:519)
	at t.Reader.onLengthData (/usr/share/code/resources/app/extensions/typescript-language-features/dist/extension.js:53:61635)
	at Socket.e.on.e (/usr/share/code/resources/app/extensions/typescript-language-features/dist/extension.js:53:61283)
	at Socket.emit (events.js:182:13)
	at addChunk (_stream_readable.js:283:12)
	at readableAddChunk (_stream_readable.js:264:11)
	at Socket.Readable.push (_stream_readable.js:219:10)
	at Pipe.onStreamRead [as onread] (internal/stream_base_commons.js:94:17)
[2019-11-02 18:11:39.405] [renderer1] [error] <semantic> TypeScript Server Error (3.6.3)
Cannot read property 'emitNode' of undefined
TypeError: Cannot read property 'emitNode' of undefined
    at Object.getCommentRange (tsserver.js:65828:29)
    at emitNodeList (tsserver.js:89502:51)
    at emitList (tsserver.js:89381:13)
    at Object.writeList (tsserver.js:86818:13)
    at tsserver.js:110952:29
    at Object.mapToDisplayParts (tsserver.js:100181:13)
    at itemInfoForParameters (tsserver.js:110949:41)
    at getSignatureHelpItem (tsserver.js:110915:95)
    at tsserver.js:110888:79
    at Array.map (<anonymous>)
    at createSignatureHelpItems (tsserver.js:110888:36)
    at tsserver.js:110480:23
    at Object.runWithCancellationToken (tsserver.js:32458:28)
    at Object.getSignatureHelpItems (tsserver.js:110478:32)
    at Object.getSignatureHelpItems (tsserver.js:125709:37)
    at IOSession.Session.getSignatureHelpItems (tsserver.js:134816:62)
    at Session.handlers.ts.createMapFromTemplate._a.(anonymous function) (tsserver.js:133744:61)
    at tsserver.js:135256:88
    at IOSession.Session.executeWithRequestId (tsserver.js:135247:28)
    at IOSession.Session.executeCommand (tsserver.js:135256:33)
    at IOSession.Session.onMessage (tsserver.js:135279:35)
    at Interface.<anonymous> (tsserver.js:136594:27)
    at Interface.emit (events.js:182:13)
    at Interface._onLine (readline.js:290:10)
    at Interface._normalWrite (readline.js:433:12)
    at Socket.ondata (readline.js:149:10)
    at Socket.emit (events.js:182:13)
    at addChunk (_stream_readable.js:283:12)
    at readableAddChunk (_stream_readable.js:264:11)
    at Socket.Readable.push (_stream_readable.js:219:10)
    at Pipe.onStreamRead [as onread] (internal/stream_base_commons.js:94:17): Error: <semantic> TypeScript Server Error (3.6.3)
Cannot read property 'emitNode' of undefined
TypeError: Cannot read property 'emitNode' of undefined
    at Object.getCommentRange (tsserver.js:65828:29)
    at emitNodeList (tsserver.js:89502:51)
    at emitList (tsserver.js:89381:13)
    at Object.writeList (tsserver.js:86818:13)
    at tsserver.js:110952:29
    at Object.mapToDisplayParts (tsserver.js:100181:13)
    at itemInfoForParameters (tsserver.js:110949:41)
    at getSignatureHelpItem (tsserver.js:110915:95)
    at tsserver.js:110888:79
    at Array.map (<anonymous>)
    at createSignatureHelpItems (tsserver.js:110888:36)
    at tsserver.js:110480:23
    at Object.runWithCancellationToken (tsserver.js:32458:28)
    at Object.getSignatureHelpItems (tsserver.js:110478:32)
    at Object.getSignatureHelpItems (tsserver.js:125709:37)
    at IOSession.Session.getSignatureHelpItems (tsserver.js:134816:62)
    at Session.handlers.ts.createMapFromTemplate._a.(anonymous function) (tsserver.js:133744:61)
    at tsserver.js:135256:88
    at IOSession.Session.executeWithRequestId (tsserver.js:135247:28)
    at IOSession.Session.executeCommand (tsserver.js:135256:33)
    at IOSession.Session.onMessage (tsserver.js:135279:35)
    at Interface.<anonymous> (tsserver.js:136594:27)
    at Interface.emit (events.js:182:13)
    at Interface._onLine (readline.js:290:10)
    at Interface._normalWrite (readline.js:433:12)
    at Socket.ondata (readline.js:149:10)
    at Socket.emit (events.js:182:13)
    at addChunk (_stream_readable.js:283:12)
    at readableAddChunk (_stream_readable.js:264:11)
    at Socket.Readable.push (_stream_readable.js:219:10)
    at Pipe.onStreamRead [as onread] (internal/stream_base_commons.js:94:17)
	at Function.create (/usr/share/code/resources/app/extensions/typescript-language-features/dist/extension.js:53:63415)
	at h.dispatchResponse (/usr/share/code/resources/app/extensions/typescript-language-features/dist/extension.js:53:56570)
	at h.dispatchMessage (/usr/share/code/resources/app/extensions/typescript-language-features/dist/extension.js:53:55468)
	at _reader.onData.e (/usr/share/code/resources/app/extensions/typescript-language-features/dist/extension.js:53:54944)
	at l.fire (/usr/share/code/resources/app/out/vs/workbench/services/extensions/node/extensionHostProcess.js:50:519)
	at t.Reader.onLengthData (/usr/share/code/resources/app/extensions/typescript-language-features/dist/extension.js:53:61635)
	at Socket.e.on.e (/usr/share/code/resources/app/extensions/typescript-language-features/dist/extension.js:53:61283)
	at Socket.emit (events.js:182:13)
	at addChunk (_stream_readable.js:283:12)
	at readableAddChunk (_stream_readable.js:264:11)
	at Socket.Readable.push (_stream_readable.js:219:10)
	at Pipe.onStreamRead [as onread] (internal/stream_base_commons.js:94:17)
[2019-11-02 18:11:52.427] [renderer1] [error] <semantic> TypeScript Server Error (3.6.3)
Cannot read property 'emitNode' of undefined
TypeError: Cannot read property 'emitNode' of undefined
    at Object.getCommentRange (tsserver.js:65828:29)
    at emitNodeList (tsserver.js:89502:51)
    at emitList (tsserver.js:89381:13)
    at Object.writeList (tsserver.js:86818:13)
    at tsserver.js:110952:29
    at Object.mapToDisplayParts (tsserver.js:100181:13)
    at itemInfoForParameters (tsserver.js:110949:41)
    at getSignatureHelpItem (tsserver.js:110915:95)
    at tsserver.js:110888:79
    at Array.map (<anonymous>)
    at createSignatureHelpItems (tsserver.js:110888:36)
    at tsserver.js:110480:23
    at Object.runWithCancellationToken (tsserver.js:32458:28)
    at Object.getSignatureHelpItems (tsserver.js:110478:32)
    at Object.getSignatureHelpItems (tsserver.js:125709:37)
    at IOSession.Session.getSignatureHelpItems (tsserver.js:134816:62)
    at Session.handlers.ts.createMapFromTemplate._a.(anonymous function) (tsserver.js:133744:61)
    at tsserver.js:135256:88
    at IOSession.Session.executeWithRequestId (tsserver.js:135247:28)
    at IOSession.Session.executeCommand (tsserver.js:135256:33)
    at IOSession.Session.onMessage (tsserver.js:135279:35)
    at Interface.<anonymous> (tsserver.js:136594:27)
    at Interface.emit (events.js:182:13)
    at Interface._onLine (readline.js:290:10)
    at Interface._normalWrite (readline.js:433:12)
    at Socket.ondata (readline.js:149:10)
    at Socket.emit (events.js:182:13)
    at addChunk (_stream_readable.js:283:12)
    at readableAddChunk (_stream_readable.js:264:11)
    at Socket.Readable.push (_stream_readable.js:219:10)
    at Pipe.onStreamRead [as onread] (internal/stream_base_commons.js:94:17): Error: <semantic> TypeScript Server Error (3.6.3)
Cannot read property 'emitNode' of undefined
TypeError: Cannot read property 'emitNode' of undefined
    at Object.getCommentRange (tsserver.js:65828:29)
    at emitNodeList (tsserver.js:89502:51)
    at emitList (tsserver.js:89381:13)
    at Object.writeList (tsserver.js:86818:13)
    at tsserver.js:110952:29
    at Object.mapToDisplayParts (tsserver.js:100181:13)
    at itemInfoForParameters (tsserver.js:110949:41)
    at getSignatureHelpItem (tsserver.js:110915:95)
    at tsserver.js:110888:79
    at Array.map (<anonymous>)
    at createSignatureHelpItems (tsserver.js:110888:36)
    at tsserver.js:110480:23
    at Object.runWithCancellationToken (tsserver.js:32458:28)
    at Object.getSignatureHelpItems (tsserver.js:110478:32)
    at Object.getSignatureHelpItems (tsserver.js:125709:37)
    at IOSession.Session.getSignatureHelpItems (tsserver.js:134816:62)
    at Session.handlers.ts.createMapFromTemplate._a.(anonymous function) (tsserver.js:133744:61)
    at tsserver.js:135256:88
    at IOSession.Session.executeWithRequestId (tsserver.js:135247:28)
    at IOSession.Session.executeCommand (tsserver.js:135256:33)
    at IOSession.Session.onMessage (tsserver.js:135279:35)
    at Interface.<anonymous> (tsserver.js:136594:27)
    at Interface.emit (events.js:182:13)
    at Interface._onLine (readline.js:290:10)
    at Interface._normalWrite (readline.js:433:12)
    at Socket.ondata (readline.js:149:10)
    at Socket.emit (events.js:182:13)
    at addChunk (_stream_readable.js:283:12)
    at readableAddChunk (_stream_readable.js:264:11)
    at Socket.Readable.push (_stream_readable.js:219:10)
    at Pipe.onStreamRead [as onread] (internal/stream_base_commons.js:94:17)
	at Function.create (/usr/share/code/resources/app/extensions/typescript-language-features/dist/extension.js:53:63415)
	at h.dispatchResponse (/usr/share/code/resources/app/extensions/typescript-language-features/dist/extension.js:53:56570)
	at h.dispatchMessage (/usr/share/code/resources/app/extensions/typescript-language-features/dist/extension.js:53:55468)
	at _reader.onData.e (/usr/share/code/resources/app/extensions/typescript-language-features/dist/extension.js:53:54944)
	at l.fire (/usr/share/code/resources/app/out/vs/workbench/services/extensions/node/extensionHostProcess.js:50:519)
	at t.Reader.onLengthData (/usr/share/code/resources/app/extensions/typescript-language-features/dist/extension.js:53:61635)
	at Socket.e.on.e (/usr/share/code/resources/app/extensions/typescript-language-features/dist/extension.js:53:61283)
	at Socket.emit (events.js:182:13)
	at addChunk (_stream_readable.js:283:12)
	at readableAddChunk (_stream_readable.js:264:11)
	at Socket.Readable.push (_stream_readable.js:219:10)
	at Pipe.onStreamRead [as onread] (internal/stream_base_commons.js:94:17)
[2019-11-02 18:11:58.666] [renderer1] [error] <semantic> TypeScript Server Error (3.6.3)
Cannot read property 'emitNode' of undefined
TypeError: Cannot read property 'emitNode' of undefined
    at Object.getCommentRange (tsserver.js:65828:29)
    at emitNodeList (tsserver.js:89502:51)
    at emitList (tsserver.js:89381:13)
    at Object.writeList (tsserver.js:86818:13)
    at tsserver.js:110952:29
    at Object.mapToDisplayParts (tsserver.js:100181:13)
    at itemInfoForParameters (tsserver.js:110949:41)
    at getSignatureHelpItem (tsserver.js:110915:95)
    at tsserver.js:110888:79
    at Array.map (<anonymous>)
    at createSignatureHelpItems (tsserver.js:110888:36)
    at tsserver.js:110480:23
    at Object.runWithCancellationToken (tsserver.js:32458:28)
    at Object.getSignatureHelpItems (tsserver.js:110478:32)
    at Object.getSignatureHelpItems (tsserver.js:125709:37)
    at IOSession.Session.getSignatureHelpItems (tsserver.js:134816:62)
    at Session.handlers.ts.createMapFromTemplate._a.(anonymous function) (tsserver.js:133744:61)
    at tsserver.js:135256:88
    at IOSession.Session.executeWithRequestId (tsserver.js:135247:28)
    at IOSession.Session.executeCommand (tsserver.js:135256:33)
    at IOSession.Session.onMessage (tsserver.js:135279:35)
    at Interface.<anonymous> (tsserver.js:136594:27)
    at Interface.emit (events.js:182:13)
    at Interface._onLine (readline.js:290:10)
    at Interface._normalWrite (readline.js:433:12)
    at Socket.ondata (readline.js:149:10)
    at Socket.emit (events.js:182:13)
    at addChunk (_stream_readable.js:283:12)
    at readableAddChunk (_stream_readable.js:264:11)
    at Socket.Readable.push (_stream_readable.js:219:10)
    at Pipe.onStreamRead [as onread] (internal/stream_base_commons.js:94:17): Error: <semantic> TypeScript Server Error (3.6.3)
Cannot read property 'emitNode' of undefined
TypeError: Cannot read property 'emitNode' of undefined
    at Object.getCommentRange (tsserver.js:65828:29)
    at emitNodeList (tsserver.js:89502:51)
    at emitList (tsserver.js:89381:13)
    at Object.writeList (tsserver.js:86818:13)
    at tsserver.js:110952:29
    at Object.mapToDisplayParts (tsserver.js:100181:13)
    at itemInfoForParameters (tsserver.js:110949:41)
    at getSignatureHelpItem (tsserver.js:110915:95)
    at tsserver.js:110888:79
    at Array.map (<anonymous>)
    at createSignatureHelpItems (tsserver.js:110888:36)
    at tsserver.js:110480:23
    at Object.runWithCancellationToken (tsserver.js:32458:28)
    at Object.getSignatureHelpItems (tsserver.js:110478:32)
    at Object.getSignatureHelpItems (tsserver.js:125709:37)
    at IOSession.Session.getSignatureHelpItems (tsserver.js:134816:62)
    at Session.handlers.ts.createMapFromTemplate._a.(anonymous function) (tsserver.js:133744:61)
    at tsserver.js:135256:88
    at IOSession.Session.executeWithRequestId (tsserver.js:135247:28)
    at IOSession.Session.executeCommand (tsserver.js:135256:33)
    at IOSession.Session.onMessage (tsserver.js:135279:35)
    at Interface.<anonymous> (tsserver.js:136594:27)
    at Interface.emit (events.js:182:13)
    at Interface._onLine (readline.js:290:10)
    at Interface._normalWrite (readline.js:433:12)
    at Socket.ondata (readline.js:149:10)
    at Socket.emit (events.js:182:13)
    at addChunk (_stream_readable.js:283:12)
    at readableAddChunk (_stream_readable.js:264:11)
    at Socket.Readable.push (_stream_readable.js:219:10)
    at Pipe.onStreamRead [as onread] (internal/stream_base_commons.js:94:17)
	at Function.create (/usr/share/code/resources/app/extensions/typescript-language-features/dist/extension.js:53:63415)
	at h.dispatchResponse (/usr/share/code/resources/app/extensions/typescript-language-features/dist/extension.js:53:56570)
	at h.dispatchMessage (/usr/share/code/resources/app/extensions/typescript-language-features/dist/extension.js:53:55468)
	at _reader.onData.e (/usr/share/code/resources/app/extensions/typescript-language-features/dist/extension.js:53:54944)
	at l.fire (/usr/share/code/resources/app/out/vs/workbench/services/extensions/node/extensionHostProcess.js:50:519)
	at t.Reader.onLengthData (/usr/share/code/resources/app/extensions/typescript-language-features/dist/extension.js:53:61635)
	at Socket.e.on.e (/usr/share/code/resources/app/extensions/typescript-language-features/dist/extension.js:53:61283)
	at Socket.emit (events.js:182:13)
	at addChunk (_stream_readable.js:283:12)
	at readableAddChunk (_stream_readable.js:264:11)
	at Socket.Readable.push (_stream_readable.js:219:10)
	at Pipe.onStreamRead [as onread] (internal/stream_base_commons.js:94:17)
[2019-11-02 18:12:05.051] [renderer1] [error] <semantic> TypeScript Server Error (3.6.3)
Cannot read property 'emitNode' of undefined
TypeError: Cannot read property 'emitNode' of undefined
    at Object.getCommentRange (tsserver.js:65828:29)
    at emitNodeList (tsserver.js:89502:51)
    at emitList (tsserver.js:89381:13)
    at Object.writeList (tsserver.js:86818:13)
    at tsserver.js:110952:29
    at Object.mapToDisplayParts (tsserver.js:100181:13)
    at itemInfoForParameters (tsserver.js:110949:41)
    at getSignatureHelpItem (tsserver.js:110915:95)
    at tsserver.js:110888:79
    at Array.map (<anonymous>)
    at createSignatureHelpItems (tsserver.js:110888:36)
    at tsserver.js:110480:23
    at Object.runWithCancellationToken (tsserver.js:32458:28)
    at Object.getSignatureHelpItems (tsserver.js:110478:32)
    at Object.getSignatureHelpItems (tsserver.js:125709:37)
    at IOSession.Session.getSignatureHelpItems (tsserver.js:134816:62)
    at Session.handlers.ts.createMapFromTemplate._a.(anonymous function) (tsserver.js:133744:61)
    at tsserver.js:135256:88
    at IOSession.Session.executeWithRequestId (tsserver.js:135247:28)
    at IOSession.Session.executeCommand (tsserver.js:135256:33)
    at IOSession.Session.onMessage (tsserver.js:135279:35)
    at Interface.<anonymous> (tsserver.js:136594:27)
    at Interface.emit (events.js:182:13)
    at Interface._onLine (readline.js:290:10)
    at Interface._normalWrite (readline.js:433:12)
    at Socket.ondata (readline.js:149:10)
    at Socket.emit (events.js:182:13)
    at addChunk (_stream_readable.js:283:12)
    at readableAddChunk (_stream_readable.js:264:11)
    at Socket.Readable.push (_stream_readable.js:219:10)
    at Pipe.onStreamRead [as onread] (internal/stream_base_commons.js:94:17): Error: <semantic> TypeScript Server Error (3.6.3)
Cannot read property 'emitNode' of undefined
TypeError: Cannot read property 'emitNode' of undefined
    at Object.getCommentRange (tsserver.js:65828:29)
    at emitNodeList (tsserver.js:89502:51)
    at emitList (tsserver.js:89381:13)
    at Object.writeList (tsserver.js:86818:13)
    at tsserver.js:110952:29
    at Object.mapToDisplayParts (tsserver.js:100181:13)
    at itemInfoForParameters (tsserver.js:110949:41)
    at getSignatureHelpItem (tsserver.js:110915:95)
    at tsserver.js:110888:79
    at Array.map (<anonymous>)
    at createSignatureHelpItems (tsserver.js:110888:36)
    at tsserver.js:110480:23
    at Object.runWithCancellationToken (tsserver.js:32458:28)
    at Object.getSignatureHelpItems (tsserver.js:110478:32)
    at Object.getSignatureHelpItems (tsserver.js:125709:37)
    at IOSession.Session.getSignatureHelpItems (tsserver.js:134816:62)
    at Session.handlers.ts.createMapFromTemplate._a.(anonymous function) (tsserver.js:133744:61)
    at tsserver.js:135256:88
    at IOSession.Session.executeWithRequestId (tsserver.js:135247:28)
    at IOSession.Session.executeCommand (tsserver.js:135256:33)
    at IOSession.Session.onMessage (tsserver.js:135279:35)
    at Interface.<anonymous> (tsserver.js:136594:27)
    at Interface.emit (events.js:182:13)
    at Interface._onLine (readline.js:290:10)
    at Interface._normalWrite (readline.js:433:12)
    at Socket.ondata (readline.js:149:10)
    at Socket.emit (events.js:182:13)
    at addChunk (_stream_readable.js:283:12)
    at readableAddChunk (_stream_readable.js:264:11)
    at Socket.Readable.push (_stream_readable.js:219:10)
    at Pipe.onStreamRead [as onread] (internal/stream_base_commons.js:94:17)
	at Function.create (/usr/share/code/resources/app/extensions/typescript-language-features/dist/extension.js:53:63415)
	at h.dispatchResponse (/usr/share/code/resources/app/extensions/typescript-language-features/dist/extension.js:53:56570)
	at h.dispatchMessage (/usr/share/code/resources/app/extensions/typescript-language-features/dist/extension.js:53:55468)
	at _reader.onData.e (/usr/share/code/resources/app/extensions/typescript-language-features/dist/extension.js:53:54944)
	at l.fire (/usr/share/code/resources/app/out/vs/workbench/services/extensions/node/extensionHostProcess.js:50:519)
	at t.Reader.onLengthData (/usr/share/code/resources/app/extensions/typescript-language-features/dist/extension.js:53:61635)
	at Socket.e.on.e (/usr/share/code/resources/app/extensions/typescript-language-features/dist/extension.js:53:61283)
	at Socket.emit (events.js:182:13)
	at addChunk (_stream_readable.js:283:12)
	at readableAddChunk (_stream_readable.js:264:11)
	at Socket.Readable.push (_stream_readable.js:219:10)
	at Pipe.onStreamRead [as onread] (internal/stream_base_commons.js:94:17)
[2019-11-02 18:12:10.453] [renderer1] [error] <semantic> TypeScript Server Error (3.6.3)
Cannot read property 'emitNode' of undefined
TypeError: Cannot read property 'emitNode' of undefined
    at Object.getCommentRange (tsserver.js:65828:29)
    at emitNodeList (tsserver.js:89502:51)
    at emitList (tsserver.js:89381:13)
    at Object.writeList (tsserver.js:86818:13)
    at tsserver.js:110952:29
    at Object.mapToDisplayParts (tsserver.js:100181:13)
    at itemInfoForParameters (tsserver.js:110949:41)
    at getSignatureHelpItem (tsserver.js:110915:95)
    at tsserver.js:110888:79
    at Array.map (<anonymous>)
    at createSignatureHelpItems (tsserver.js:110888:36)
    at tsserver.js:110480:23
    at Object.runWithCancellationToken (tsserver.js:32458:28)
    at Object.getSignatureHelpItems (tsserver.js:110478:32)
    at Object.getSignatureHelpItems (tsserver.js:125709:37)
    at IOSession.Session.getSignatureHelpItems (tsserver.js:134816:62)
    at Session.handlers.ts.createMapFromTemplate._a.(anonymous function) (tsserver.js:133744:61)
    at tsserver.js:135256:88
    at IOSession.Session.executeWithRequestId (tsserver.js:135247:28)
    at IOSession.Session.executeCommand (tsserver.js:135256:33)
    at IOSession.Session.onMessage (tsserver.js:135279:35)
    at Interface.<anonymous> (tsserver.js:136594:27)
    at Interface.emit (events.js:182:13)
    at Interface._onLine (readline.js:290:10)
    at Interface._normalWrite (readline.js:433:12)
    at Socket.ondata (readline.js:149:10)
    at Socket.emit (events.js:182:13)
    at addChunk (_stream_readable.js:283:12)
    at readableAddChunk (_stream_readable.js:264:11)
    at Socket.Readable.push (_stream_readable.js:219:10)
    at Pipe.onStreamRead [as onread] (internal/stream_base_commons.js:94:17): Error: <semantic> TypeScript Server Error (3.6.3)
Cannot read property 'emitNode' of undefined
TypeError: Cannot read property 'emitNode' of undefined
    at Object.getCommentRange (tsserver.js:65828:29)
    at emitNodeList (tsserver.js:89502:51)
    at emitList (tsserver.js:89381:13)
    at Object.writeList (tsserver.js:86818:13)
    at tsserver.js:110952:29
    at Object.mapToDisplayParts (tsserver.js:100181:13)
    at itemInfoForParameters (tsserver.js:110949:41)
    at getSignatureHelpItem (tsserver.js:110915:95)
    at tsserver.js:110888:79
    at Array.map (<anonymous>)
    at createSignatureHelpItems (tsserver.js:110888:36)
    at tsserver.js:110480:23
    at Object.runWithCancellationToken (tsserver.js:32458:28)
    at Object.getSignatureHelpItems (tsserver.js:110478:32)
    at Object.getSignatureHelpItems (tsserver.js:125709:37)
    at IOSession.Session.getSignatureHelpItems (tsserver.js:134816:62)
    at Session.handlers.ts.createMapFromTemplate._a.(anonymous function) (tsserver.js:133744:61)
    at tsserver.js:135256:88
    at IOSession.Session.executeWithRequestId (tsserver.js:135247:28)
    at IOSession.Session.executeCommand (tsserver.js:135256:33)
    at IOSession.Session.onMessage (tsserver.js:135279:35)
    at Interface.<anonymous> (tsserver.js:136594:27)
    at Interface.emit (events.js:182:13)
    at Interface._onLine (readline.js:290:10)
    at Interface._normalWrite (readline.js:433:12)
    at Socket.ondata (readline.js:149:10)
    at Socket.emit (events.js:182:13)
    at addChunk (_stream_readable.js:283:12)
    at readableAddChunk (_stream_readable.js:264:11)
    at Socket.Readable.push (_stream_readable.js:219:10)
    at Pipe.onStreamRead [as onread] (internal/stream_base_commons.js:94:17)
	at Function.create (/usr/share/code/resources/app/extensions/typescript-language-features/dist/extension.js:53:63415)
	at h.dispatchResponse (/usr/share/code/resources/app/extensions/typescript-language-features/dist/extension.js:53:56570)
	at h.dispatchMessage (/usr/share/code/resources/app/extensions/typescript-language-features/dist/extension.js:53:55468)
	at _reader.onData.e (/usr/share/code/resources/app/extensions/typescript-language-features/dist/extension.js:53:54944)
	at l.fire (/usr/share/code/resources/app/out/vs/workbench/services/extensions/node/extensionHostProcess.js:50:519)
	at t.Reader.onLengthData (/usr/share/code/resources/app/extensions/typescript-language-features/dist/extension.js:53:61635)
	at Socket.e.on.e (/usr/share/code/resources/app/extensions/typescript-language-features/dist/extension.js:53:61283)
	at Socket.emit (events.js:182:13)
	at addChunk (_stream_readable.js:283:12)
	at readableAddChunk (_stream_readable.js:264:11)
	at Socket.Readable.push (_stream_readable.js:219:10)
	at Pipe.onStreamRead [as onread] (internal/stream_base_commons.js:94:17)
[2019-11-02 19:20:28.557] [renderer1] [error] <semantic> TypeScript Server Error (3.6.3)
Cannot read property 'emitNode' of undefined
TypeError: Cannot read property 'emitNode' of undefined
    at Object.getCommentRange (tsserver.js:65828:29)
    at emitNodeList (tsserver.js:89502:51)
    at emitList (tsserver.js:89381:13)
    at Object.writeList (tsserver.js:86818:13)
    at tsserver.js:110952:29
    at Object.mapToDisplayParts (tsserver.js:100181:13)
    at itemInfoForParameters (tsserver.js:110949:41)
    at getSignatureHelpItem (tsserver.js:110915:95)
    at tsserver.js:110888:79
    at Array.map (<anonymous>)
    at createSignatureHelpItems (tsserver.js:110888:36)
    at tsserver.js:110480:23
    at Object.runWithCancellationToken (tsserver.js:32458:28)
    at Object.getSignatureHelpItems (tsserver.js:110478:32)
    at Object.getSignatureHelpItems (tsserver.js:125709:37)
    at IOSession.Session.getSignatureHelpItems (tsserver.js:134816:62)
    at Session.handlers.ts.createMapFromTemplate._a.(anonymous function) (tsserver.js:133744:61)
    at tsserver.js:135256:88
    at IOSession.Session.executeWithRequestId (tsserver.js:135247:28)
    at IOSession.Session.executeCommand (tsserver.js:135256:33)
    at IOSession.Session.onMessage (tsserver.js:135279:35)
    at Interface.<anonymous> (tsserver.js:136594:27)
    at Interface.emit (events.js:182:13)
    at Interface._onLine (readline.js:290:10)
    at Interface._normalWrite (readline.js:433:12)
    at Socket.ondata (readline.js:149:10)
    at Socket.emit (events.js:182:13)
    at addChunk (_stream_readable.js:283:12)
    at readableAddChunk (_stream_readable.js:264:11)
    at Socket.Readable.push (_stream_readable.js:219:10)
    at Pipe.onStreamRead [as onread] (internal/stream_base_commons.js:94:17): Error: <semantic> TypeScript Server Error (3.6.3)
Cannot read property 'emitNode' of undefined
TypeError: Cannot read property 'emitNode' of undefined
    at Object.getCommentRange (tsserver.js:65828:29)
    at emitNodeList (tsserver.js:89502:51)
    at emitList (tsserver.js:89381:13)
    at Object.writeList (tsserver.js:86818:13)
    at tsserver.js:110952:29
    at Object.mapToDisplayParts (tsserver.js:100181:13)
    at itemInfoForParameters (tsserver.js:110949:41)
    at getSignatureHelpItem (tsserver.js:110915:95)
    at tsserver.js:110888:79
    at Array.map (<anonymous>)
    at createSignatureHelpItems (tsserver.js:110888:36)
    at tsserver.js:110480:23
    at Object.runWithCancellationToken (tsserver.js:32458:28)
    at Object.getSignatureHelpItems (tsserver.js:110478:32)
    at Object.getSignatureHelpItems (tsserver.js:125709:37)
    at IOSession.Session.getSignatureHelpItems (tsserver.js:134816:62)
    at Session.handlers.ts.createMapFromTemplate._a.(anonymous function) (tsserver.js:133744:61)
    at tsserver.js:135256:88
    at IOSession.Session.executeWithRequestId (tsserver.js:135247:28)
    at IOSession.Session.executeCommand (tsserver.js:135256:33)
    at IOSession.Session.onMessage (tsserver.js:135279:35)
    at Interface.<anonymous> (tsserver.js:136594:27)
    at Interface.emit (events.js:182:13)
    at Interface._onLine (readline.js:290:10)
    at Interface._normalWrite (readline.js:433:12)
    at Socket.ondata (readline.js:149:10)
    at Socket.emit (events.js:182:13)
    at addChunk (_stream_readable.js:283:12)
    at readableAddChunk (_stream_readable.js:264:11)
    at Socket.Readable.push (_stream_readable.js:219:10)
    at Pipe.onStreamRead [as onread] (internal/stream_base_commons.js:94:17)
	at Function.create (/usr/share/code/resources/app/extensions/typescript-language-features/dist/extension.js:53:63415)
	at h.dispatchResponse (/usr/share/code/resources/app/extensions/typescript-language-features/dist/extension.js:53:56570)
	at h.dispatchMessage (/usr/share/code/resources/app/extensions/typescript-language-features/dist/extension.js:53:55468)
	at _reader.onData.e (/usr/share/code/resources/app/extensions/typescript-language-features/dist/extension.js:53:54944)
	at l.fire (/usr/share/code/resources/app/out/vs/workbench/services/extensions/node/extensionHostProcess.js:50:519)
	at t.Reader.onLengthData (/usr/share/code/resources/app/extensions/typescript-language-features/dist/extension.js:53:61635)
	at Socket.e.on.e (/usr/share/code/resources/app/extensions/typescript-language-features/dist/extension.js:53:61283)
	at Socket.emit (events.js:182:13)
	at addChunk (_stream_readable.js:283:12)
	at readableAddChunk (_stream_readable.js:264:11)
	at Socket.Readable.push (_stream_readable.js:219:10)
	at Pipe.onStreamRead [as onread] (internal/stream_base_commons.js:94:17)
[2019-11-02 19:20:40.223] [renderer1] [error] <semantic> TypeScript Server Error (3.6.3)
Cannot read property 'emitNode' of undefined
TypeError: Cannot read property 'emitNode' of undefined
    at Object.getCommentRange (tsserver.js:65828:29)
    at emitNodeList (tsserver.js:89502:51)
    at emitList (tsserver.js:89381:13)
    at Object.writeList (tsserver.js:86818:13)
    at tsserver.js:110952:29
    at Object.mapToDisplayParts (tsserver.js:100181:13)
    at itemInfoForParameters (tsserver.js:110949:41)
    at getSignatureHelpItem (tsserver.js:110915:95)
    at tsserver.js:110888:79
    at Array.map (<anonymous>)
    at createSignatureHelpItems (tsserver.js:110888:36)
    at tsserver.js:110480:23
    at Object.runWithCancellationToken (tsserver.js:32458:28)
    at Object.getSignatureHelpItems (tsserver.js:110478:32)
    at Object.getSignatureHelpItems (tsserver.js:125709:37)
    at IOSession.Session.getSignatureHelpItems (tsserver.js:134816:62)
    at Session.handlers.ts.createMapFromTemplate._a.(anonymous function) (tsserver.js:133744:61)
    at tsserver.js:135256:88
    at IOSession.Session.executeWithRequestId (tsserver.js:135247:28)
    at IOSession.Session.executeCommand (tsserver.js:135256:33)
    at IOSession.Session.onMessage (tsserver.js:135279:35)
    at Interface.<anonymous> (tsserver.js:136594:27)
    at Interface.emit (events.js:182:13)
    at Interface._onLine (readline.js:290:10)
    at Interface._normalWrite (readline.js:433:12)
    at Socket.ondata (readline.js:149:10)
    at Socket.emit (events.js:182:13)
    at addChunk (_stream_readable.js:283:12)
    at readableAddChunk (_stream_readable.js:264:11)
    at Socket.Readable.push (_stream_readable.js:219:10)
    at Pipe.onStreamRead [as onread] (internal/stream_base_commons.js:94:17): Error: <semantic> TypeScript Server Error (3.6.3)
Cannot read property 'emitNode' of undefined
TypeError: Cannot read property 'emitNode' of undefined
    at Object.getCommentRange (tsserver.js:65828:29)
    at emitNodeList (tsserver.js:89502:51)
    at emitList (tsserver.js:89381:13)
    at Object.writeList (tsserver.js:86818:13)
    at tsserver.js:110952:29
    at Object.mapToDisplayParts (tsserver.js:100181:13)
    at itemInfoForParameters (tsserver.js:110949:41)
    at getSignatureHelpItem (tsserver.js:110915:95)
    at tsserver.js:110888:79
    at Array.map (<anonymous>)
    at createSignatureHelpItems (tsserver.js:110888:36)
    at tsserver.js:110480:23
    at Object.runWithCancellationToken (tsserver.js:32458:28)
    at Object.getSignatureHelpItems (tsserver.js:110478:32)
    at Object.getSignatureHelpItems (tsserver.js:125709:37)
    at IOSession.Session.getSignatureHelpItems (tsserver.js:134816:62)
    at Session.handlers.ts.createMapFromTemplate._a.(anonymous function) (tsserver.js:133744:61)
    at tsserver.js:135256:88
    at IOSession.Session.executeWithRequestId (tsserver.js:135247:28)
    at IOSession.Session.executeCommand (tsserver.js:135256:33)
    at IOSession.Session.onMessage (tsserver.js:135279:35)
    at Interface.<anonymous> (tsserver.js:136594:27)
    at Interface.emit (events.js:182:13)
    at Interface._onLine (readline.js:290:10)
    at Interface._normalWrite (readline.js:433:12)
    at Socket.ondata (readline.js:149:10)
    at Socket.emit (events.js:182:13)
    at addChunk (_stream_readable.js:283:12)
    at readableAddChunk (_stream_readable.js:264:11)
    at Socket.Readable.push (_stream_readable.js:219:10)
    at Pipe.onStreamRead [as onread] (internal/stream_base_commons.js:94:17)
	at Function.create (/usr/share/code/resources/app/extensions/typescript-language-features/dist/extension.js:53:63415)
	at h.dispatchResponse (/usr/share/code/resources/app/extensions/typescript-language-features/dist/extension.js:53:56570)
	at h.dispatchMessage (/usr/share/code/resources/app/extensions/typescript-language-features/dist/extension.js:53:55468)
	at _reader.onData.e (/usr/share/code/resources/app/extensions/typescript-language-features/dist/extension.js:53:54944)
	at l.fire (/usr/share/code/resources/app/out/vs/workbench/services/extensions/node/extensionHostProcess.js:50:519)
	at t.Reader.onLengthData (/usr/share/code/resources/app/extensions/typescript-language-features/dist/extension.js:53:61635)
	at Socket.e.on.e (/usr/share/code/resources/app/extensions/typescript-language-features/dist/extension.js:53:61283)
	at Socket.emit (events.js:182:13)
	at addChunk (_stream_readable.js:283:12)
	at readableAddChunk (_stream_readable.js:264:11)
	at Socket.Readable.push (_stream_readable.js:219:10)
	at Pipe.onStreamRead [as onread] (internal/stream_base_commons.js:94:17)
[2019-11-02 19:20:42.510] [renderer1] [error] <semantic> TypeScript Server Error (3.6.3)
Cannot read property 'emitNode' of undefined
TypeError: Cannot read property 'emitNode' of undefined
    at Object.getCommentRange (tsserver.js:65828:29)
    at emitNodeList (tsserver.js:89502:51)
    at emitList (tsserver.js:89381:13)
    at Object.writeList (tsserver.js:86818:13)
    at tsserver.js:110952:29
    at Object.mapToDisplayParts (tsserver.js:100181:13)
    at itemInfoForParameters (tsserver.js:110949:41)
    at getSignatureHelpItem (tsserver.js:110915:95)
    at tsserver.js:110888:79
    at Array.map (<anonymous>)
    at createSignatureHelpItems (tsserver.js:110888:36)
    at tsserver.js:110480:23
    at Object.runWithCancellationToken (tsserver.js:32458:28)
    at Object.getSignatureHelpItems (tsserver.js:110478:32)
    at Object.getSignatureHelpItems (tsserver.js:125709:37)
    at IOSession.Session.getSignatureHelpItems (tsserver.js:134816:62)
    at Session.handlers.ts.createMapFromTemplate._a.(anonymous function) (tsserver.js:133744:61)
    at tsserver.js:135256:88
    at IOSession.Session.executeWithRequestId (tsserver.js:135247:28)
    at IOSession.Session.executeCommand (tsserver.js:135256:33)
    at IOSession.Session.onMessage (tsserver.js:135279:35)
    at Interface.<anonymous> (tsserver.js:136594:27)
    at Interface.emit (events.js:182:13)
    at Interface._onLine (readline.js:290:10)
    at Interface._normalWrite (readline.js:433:12)
    at Socket.ondata (readline.js:149:10)
    at Socket.emit (events.js:182:13)
    at addChunk (_stream_readable.js:283:12)
    at readableAddChunk (_stream_readable.js:264:11)
    at Socket.Readable.push (_stream_readable.js:219:10)
    at Pipe.onStreamRead [as onread] (internal/stream_base_commons.js:94:17): Error: <semantic> TypeScript Server Error (3.6.3)
Cannot read property 'emitNode' of undefined
TypeError: Cannot read property 'emitNode' of undefined
    at Object.getCommentRange (tsserver.js:65828:29)
    at emitNodeList (tsserver.js:89502:51)
    at emitList (tsserver.js:89381:13)
    at Object.writeList (tsserver.js:86818:13)
    at tsserver.js:110952:29
    at Object.mapToDisplayParts (tsserver.js:100181:13)
    at itemInfoForParameters (tsserver.js:110949:41)
    at getSignatureHelpItem (tsserver.js:110915:95)
    at tsserver.js:110888:79
    at Array.map (<anonymous>)
    at createSignatureHelpItems (tsserver.js:110888:36)
    at tsserver.js:110480:23
    at Object.runWithCancellationToken (tsserver.js:32458:28)
    at Object.getSignatureHelpItems (tsserver.js:110478:32)
    at Object.getSignatureHelpItems (tsserver.js:125709:37)
    at IOSession.Session.getSignatureHelpItems (tsserver.js:134816:62)
    at Session.handlers.ts.createMapFromTemplate._a.(anonymous function) (tsserver.js:133744:61)
    at tsserver.js:135256:88
    at IOSession.Session.executeWithRequestId (tsserver.js:135247:28)
    at IOSession.Session.executeCommand (tsserver.js:135256:33)
    at IOSession.Session.onMessage (tsserver.js:135279:35)
    at Interface.<anonymous> (tsserver.js:136594:27)
    at Interface.emit (events.js:182:13)
    at Interface._onLine (readline.js:290:10)
    at Interface._normalWrite (readline.js:433:12)
    at Socket.ondata (readline.js:149:10)
    at Socket.emit (events.js:182:13)
    at addChunk (_stream_readable.js:283:12)
    at readableAddChunk (_stream_readable.js:264:11)
    at Socket.Readable.push (_stream_readable.js:219:10)
    at Pipe.onStreamRead [as onread] (internal/stream_base_commons.js:94:17)
	at Function.create (/usr/share/code/resources/app/extensions/typescript-language-features/dist/extension.js:53:63415)
	at h.dispatchResponse (/usr/share/code/resources/app/extensions/typescript-language-features/dist/extension.js:53:56570)
	at h.dispatchMessage (/usr/share/code/resources/app/extensions/typescript-language-features/dist/extension.js:53:55468)
	at _reader.onData.e (/usr/share/code/resources/app/extensions/typescript-language-features/dist/extension.js:53:54944)
	at l.fire (/usr/share/code/resources/app/out/vs/workbench/services/extensions/node/extensionHostProcess.js:50:519)
	at t.Reader.onLengthData (/usr/share/code/resources/app/extensions/typescript-language-features/dist/extension.js:53:61635)
	at Socket.e.on.e (/usr/share/code/resources/app/extensions/typescript-language-features/dist/extension.js:53:61283)
	at Socket.emit (events.js:182:13)
	at addChunk (_stream_readable.js:283:12)
	at readableAddChunk (_stream_readable.js:264:11)
	at Socket.Readable.push (_stream_readable.js:219:10)
	at Pipe.onStreamRead [as onread] (internal/stream_base_commons.js:94:17)
[2019-11-02 19:21:06.759] [renderer1] [error] <semantic> TypeScript Server Error (3.6.3)
Cannot read property 'emitNode' of undefined
TypeError: Cannot read property 'emitNode' of undefined
    at Object.getCommentRange (tsserver.js:65828:29)
    at emitNodeList (tsserver.js:89502:51)
    at emitList (tsserver.js:89381:13)
    at Object.writeList (tsserver.js:86818:13)
    at tsserver.js:110952:29
    at Object.mapToDisplayParts (tsserver.js:100181:13)
    at itemInfoForParameters (tsserver.js:110949:41)
    at getSignatureHelpItem (tsserver.js:110915:95)
    at tsserver.js:110888:79
    at Array.map (<anonymous>)
    at createSignatureHelpItems (tsserver.js:110888:36)
    at tsserver.js:110480:23
    at Object.runWithCancellationToken (tsserver.js:32458:28)
    at Object.getSignatureHelpItems (tsserver.js:110478:32)
    at Object.getSignatureHelpItems (tsserver.js:125709:37)
    at IOSession.Session.getSignatureHelpItems (tsserver.js:134816:62)
    at Session.handlers.ts.createMapFromTemplate._a.(anonymous function) (tsserver.js:133744:61)
    at tsserver.js:135256:88
    at IOSession.Session.executeWithRequestId (tsserver.js:135247:28)
    at IOSession.Session.executeCommand (tsserver.js:135256:33)
    at IOSession.Session.onMessage (tsserver.js:135279:35)
    at Interface.<anonymous> (tsserver.js:136594:27)
    at Interface.emit (events.js:182:13)
    at Interface._onLine (readline.js:290:10)
    at Interface._normalWrite (readline.js:433:12)
    at Socket.ondata (readline.js:149:10)
    at Socket.emit (events.js:182:13)
    at addChunk (_stream_readable.js:283:12)
    at readableAddChunk (_stream_readable.js:264:11)
    at Socket.Readable.push (_stream_readable.js:219:10)
    at Pipe.onStreamRead [as onread] (internal/stream_base_commons.js:94:17): Error: <semantic> TypeScript Server Error (3.6.3)
Cannot read property 'emitNode' of undefined
TypeError: Cannot read property 'emitNode' of undefined
    at Object.getCommentRange (tsserver.js:65828:29)
    at emitNodeList (tsserver.js:89502:51)
    at emitList (tsserver.js:89381:13)
    at Object.writeList (tsserver.js:86818:13)
    at tsserver.js:110952:29
    at Object.mapToDisplayParts (tsserver.js:100181:13)
    at itemInfoForParameters (tsserver.js:110949:41)
    at getSignatureHelpItem (tsserver.js:110915:95)
    at tsserver.js:110888:79
    at Array.map (<anonymous>)
    at createSignatureHelpItems (tsserver.js:110888:36)
    at tsserver.js:110480:23
    at Object.runWithCancellationToken (tsserver.js:32458:28)
    at Object.getSignatureHelpItems (tsserver.js:110478:32)
    at Object.getSignatureHelpItems (tsserver.js:125709:37)
    at IOSession.Session.getSignatureHelpItems (tsserver.js:134816:62)
    at Session.handlers.ts.createMapFromTemplate._a.(anonymous function) (tsserver.js:133744:61)
    at tsserver.js:135256:88
    at IOSession.Session.executeWithRequestId (tsserver.js:135247:28)
    at IOSession.Session.executeCommand (tsserver.js:135256:33)
    at IOSession.Session.onMessage (tsserver.js:135279:35)
    at Interface.<anonymous> (tsserver.js:136594:27)
    at Interface.emit (events.js:182:13)
    at Interface._onLine (readline.js:290:10)
    at Interface._normalWrite (readline.js:433:12)
    at Socket.ondata (readline.js:149:10)
    at Socket.emit (events.js:182:13)
    at addChunk (_stream_readable.js:283:12)
    at readableAddChunk (_stream_readable.js:264:11)
    at Socket.Readable.push (_stream_readable.js:219:10)
    at Pipe.onStreamRead [as onread] (internal/stream_base_commons.js:94:17)
	at Function.create (/usr/share/code/resources/app/extensions/typescript-language-features/dist/extension.js:53:63415)
	at h.dispatchResponse (/usr/share/code/resources/app/extensions/typescript-language-features/dist/extension.js:53:56570)
	at h.dispatchMessage (/usr/share/code/resources/app/extensions/typescript-language-features/dist/extension.js:53:55468)
	at _reader.onData.e (/usr/share/code/resources/app/extensions/typescript-language-features/dist/extension.js:53:54944)
	at l.fire (/usr/share/code/resources/app/out/vs/workbench/services/extensions/node/extensionHostProcess.js:50:519)
	at t.Reader.onLengthData (/usr/share/code/resources/app/extensions/typescript-language-features/dist/extension.js:53:61635)
	at Socket.e.on.e (/usr/share/code/resources/app/extensions/typescript-language-features/dist/extension.js:53:61283)
	at Socket.emit (events.js:182:13)
	at addChunk (_stream_readable.js:283:12)
	at readableAddChunk (_stream_readable.js:264:11)
	at Socket.Readable.push (_stream_readable.js:219:10)
	at Pipe.onStreamRead [as onread] (internal/stream_base_commons.js:94:17)
[2019-11-02 19:34:42.272] [renderer1] [error] <semantic> TypeScript Server Error (3.6.3)
Cannot read property 'emitNode' of undefined
TypeError: Cannot read property 'emitNode' of undefined
    at Object.getCommentRange (tsserver.js:65828:29)
    at emitNodeList (tsserver.js:89502:51)
    at emitList (tsserver.js:89381:13)
    at Object.writeList (tsserver.js:86818:13)
    at tsserver.js:110952:29
    at Object.mapToDisplayParts (tsserver.js:100181:13)
    at itemInfoForParameters (tsserver.js:110949:41)
    at getSignatureHelpItem (tsserver.js:110915:95)
    at tsserver.js:110888:79
    at Array.map (<anonymous>)
    at createSignatureHelpItems (tsserver.js:110888:36)
    at tsserver.js:110480:23
    at Object.runWithCancellationToken (tsserver.js:32458:28)
    at Object.getSignatureHelpItems (tsserver.js:110478:32)
    at Object.getSignatureHelpItems (tsserver.js:125709:37)
    at IOSession.Session.getSignatureHelpItems (tsserver.js:134816:62)
    at Session.handlers.ts.createMapFromTemplate._a.(anonymous function) (tsserver.js:133744:61)
    at tsserver.js:135256:88
    at IOSession.Session.executeWithRequestId (tsserver.js:135247:28)
    at IOSession.Session.executeCommand (tsserver.js:135256:33)
    at IOSession.Session.onMessage (tsserver.js:135279:35)
    at Interface.<anonymous> (tsserver.js:136594:27)
    at Interface.emit (events.js:182:13)
    at Interface._onLine (readline.js:290:10)
    at Interface._normalWrite (readline.js:433:12)
    at Socket.ondata (readline.js:149:10)
    at Socket.emit (events.js:182:13)
    at addChunk (_stream_readable.js:283:12)
    at readableAddChunk (_stream_readable.js:264:11)
    at Socket.Readable.push (_stream_readable.js:219:10)
    at Pipe.onStreamRead [as onread] (internal/stream_base_commons.js:94:17): Error: <semantic> TypeScript Server Error (3.6.3)
Cannot read property 'emitNode' of undefined
TypeError: Cannot read property 'emitNode' of undefined
    at Object.getCommentRange (tsserver.js:65828:29)
    at emitNodeList (tsserver.js:89502:51)
    at emitList (tsserver.js:89381:13)
    at Object.writeList (tsserver.js:86818:13)
    at tsserver.js:110952:29
    at Object.mapToDisplayParts (tsserver.js:100181:13)
    at itemInfoForParameters (tsserver.js:110949:41)
    at getSignatureHelpItem (tsserver.js:110915:95)
    at tsserver.js:110888:79
    at Array.map (<anonymous>)
    at createSignatureHelpItems (tsserver.js:110888:36)
    at tsserver.js:110480:23
    at Object.runWithCancellationToken (tsserver.js:32458:28)
    at Object.getSignatureHelpItems (tsserver.js:110478:32)
    at Object.getSignatureHelpItems (tsserver.js:125709:37)
    at IOSession.Session.getSignatureHelpItems (tsserver.js:134816:62)
    at Session.handlers.ts.createMapFromTemplate._a.(anonymous function) (tsserver.js:133744:61)
    at tsserver.js:135256:88
    at IOSession.Session.executeWithRequestId (tsserver.js:135247:28)
    at IOSession.Session.executeCommand (tsserver.js:135256:33)
    at IOSession.Session.onMessage (tsserver.js:135279:35)
    at Interface.<anonymous> (tsserver.js:136594:27)
    at Interface.emit (events.js:182:13)
    at Interface._onLine (readline.js:290:10)
    at Interface._normalWrite (readline.js:433:12)
    at Socket.ondata (readline.js:149:10)
    at Socket.emit (events.js:182:13)
    at addChunk (_stream_readable.js:283:12)
    at readableAddChunk (_stream_readable.js:264:11)
    at Socket.Readable.push (_stream_readable.js:219:10)
    at Pipe.onStreamRead [as onread] (internal/stream_base_commons.js:94:17)
	at Function.create (/usr/share/code/resources/app/extensions/typescript-language-features/dist/extension.js:53:63415)
	at h.dispatchResponse (/usr/share/code/resources/app/extensions/typescript-language-features/dist/extension.js:53:56570)
	at h.dispatchMessage (/usr/share/code/resources/app/extensions/typescript-language-features/dist/extension.js:53:55468)
	at _reader.onData.e (/usr/share/code/resources/app/extensions/typescript-language-features/dist/extension.js:53:54944)
	at l.fire (/usr/share/code/resources/app/out/vs/workbench/services/extensions/node/extensionHostProcess.js:50:519)
	at t.Reader.onLengthData (/usr/share/code/resources/app/extensions/typescript-language-features/dist/extension.js:53:61635)
	at Socket.e.on.e (/usr/share/code/resources/app/extensions/typescript-language-features/dist/extension.js:53:61283)
	at Socket.emit (events.js:182:13)
	at addChunk (_stream_readable.js:283:12)
	at readableAddChunk (_stream_readable.js:264:11)
	at Socket.Readable.push (_stream_readable.js:219:10)
	at Pipe.onStreamRead [as onread] (internal/stream_base_commons.js:94:17)
[2019-11-02 19:34:50.374] [renderer1] [error] <semantic> TypeScript Server Error (3.6.3)
Cannot read property 'emitNode' of undefined
TypeError: Cannot read property 'emitNode' of undefined
    at Object.getCommentRange (tsserver.js:65828:29)
    at emitNodeList (tsserver.js:89502:51)
    at emitList (tsserver.js:89381:13)
    at Object.writeList (tsserver.js:86818:13)
    at tsserver.js:110952:29
    at Object.mapToDisplayParts (tsserver.js:100181:13)
    at itemInfoForParameters (tsserver.js:110949:41)
    at getSignatureHelpItem (tsserver.js:110915:95)
    at tsserver.js:110888:79
    at Array.map (<anonymous>)
    at createSignatureHelpItems (tsserver.js:110888:36)
    at tsserver.js:110480:23
    at Object.runWithCancellationToken (tsserver.js:32458:28)
    at Object.getSignatureHelpItems (tsserver.js:110478:32)
    at Object.getSignatureHelpItems (tsserver.js:125709:37)
    at IOSession.Session.getSignatureHelpItems (tsserver.js:134816:62)
    at Session.handlers.ts.createMapFromTemplate._a.(anonymous function) (tsserver.js:133744:61)
    at tsserver.js:135256:88
    at IOSession.Session.executeWithRequestId (tsserver.js:135247:28)
    at IOSession.Session.executeCommand (tsserver.js:135256:33)
    at IOSession.Session.onMessage (tsserver.js:135279:35)
    at Interface.<anonymous> (tsserver.js:136594:27)
    at Interface.emit (events.js:182:13)
    at Interface._onLine (readline.js:290:10)
    at Interface._normalWrite (readline.js:433:12)
    at Socket.ondata (readline.js:149:10)
    at Socket.emit (events.js:182:13)
    at addChunk (_stream_readable.js:283:12)
    at readableAddChunk (_stream_readable.js:264:11)
    at Socket.Readable.push (_stream_readable.js:219:10)
    at Pipe.onStreamRead [as onread] (internal/stream_base_commons.js:94:17): Error: <semantic> TypeScript Server Error (3.6.3)
Cannot read property 'emitNode' of undefined
TypeError: Cannot read property 'emitNode' of undefined
    at Object.getCommentRange (tsserver.js:65828:29)
    at emitNodeList (tsserver.js:89502:51)
    at emitList (tsserver.js:89381:13)
    at Object.writeList (tsserver.js:86818:13)
    at tsserver.js:110952:29
    at Object.mapToDisplayParts (tsserver.js:100181:13)
    at itemInfoForParameters (tsserver.js:110949:41)
    at getSignatureHelpItem (tsserver.js:110915:95)
    at tsserver.js:110888:79
    at Array.map (<anonymous>)
    at createSignatureHelpItems (tsserver.js:110888:36)
    at tsserver.js:110480:23
    at Object.runWithCancellationToken (tsserver.js:32458:28)
    at Object.getSignatureHelpItems (tsserver.js:110478:32)
    at Object.getSignatureHelpItems (tsserver.js:125709:37)
    at IOSession.Session.getSignatureHelpItems (tsserver.js:134816:62)
    at Session.handlers.ts.createMapFromTemplate._a.(anonymous function) (tsserver.js:133744:61)
    at tsserver.js:135256:88
    at IOSession.Session.executeWithRequestId (tsserver.js:135247:28)
    at IOSession.Session.executeCommand (tsserver.js:135256:33)
    at IOSession.Session.onMessage (tsserver.js:135279:35)
    at Interface.<anonymous> (tsserver.js:136594:27)
    at Interface.emit (events.js:182:13)
    at Interface._onLine (readline.js:290:10)
    at Interface._normalWrite (readline.js:433:12)
    at Socket.ondata (readline.js:149:10)
    at Socket.emit (events.js:182:13)
    at addChunk (_stream_readable.js:283:12)
    at readableAddChunk (_stream_readable.js:264:11)
    at Socket.Readable.push (_stream_readable.js:219:10)
    at Pipe.onStreamRead [as onread] (internal/stream_base_commons.js:94:17)
	at Function.create (/usr/share/code/resources/app/extensions/typescript-language-features/dist/extension.js:53:63415)
	at h.dispatchResponse (/usr/share/code/resources/app/extensions/typescript-language-features/dist/extension.js:53:56570)
	at h.dispatchMessage (/usr/share/code/resources/app/extensions/typescript-language-features/dist/extension.js:53:55468)
	at _reader.onData.e (/usr/share/code/resources/app/extensions/typescript-language-features/dist/extension.js:53:54944)
	at l.fire (/usr/share/code/resources/app/out/vs/workbench/services/extensions/node/extensionHostProcess.js:50:519)
	at t.Reader.onLengthData (/usr/share/code/resources/app/extensions/typescript-language-features/dist/extension.js:53:61635)
	at Socket.e.on.e (/usr/share/code/resources/app/extensions/typescript-language-features/dist/extension.js:53:61283)
	at Socket.emit (events.js:182:13)
	at addChunk (_stream_readable.js:283:12)
	at readableAddChunk (_stream_readable.js:264:11)
	at Socket.Readable.push (_stream_readable.js:219:10)
	at Pipe.onStreamRead [as onread] (internal/stream_base_commons.js:94:17)
[2019-11-02 19:34:52.474] [renderer1] [error] <semantic> TypeScript Server Error (3.6.3)
Cannot read property 'emitNode' of undefined
TypeError: Cannot read property 'emitNode' of undefined
    at Object.getCommentRange (tsserver.js:65828:29)
    at emitNodeList (tsserver.js:89502:51)
    at emitList (tsserver.js:89381:13)
    at Object.writeList (tsserver.js:86818:13)
    at tsserver.js:110952:29
    at Object.mapToDisplayParts (tsserver.js:100181:13)
    at itemInfoForParameters (tsserver.js:110949:41)
    at getSignatureHelpItem (tsserver.js:110915:95)
    at tsserver.js:110888:79
    at Array.map (<anonymous>)
    at createSignatureHelpItems (tsserver.js:110888:36)
    at tsserver.js:110480:23
    at Object.runWithCancellationToken (tsserver.js:32458:28)
    at Object.getSignatureHelpItems (tsserver.js:110478:32)
    at Object.getSignatureHelpItems (tsserver.js:125709:37)
    at IOSession.Session.getSignatureHelpItems (tsserver.js:134816:62)
    at Session.handlers.ts.createMapFromTemplate._a.(anonymous function) (tsserver.js:133744:61)
    at tsserver.js:135256:88
    at IOSession.Session.executeWithRequestId (tsserver.js:135247:28)
    at IOSession.Session.executeCommand (tsserver.js:135256:33)
    at IOSession.Session.onMessage (tsserver.js:135279:35)
    at Interface.<anonymous> (tsserver.js:136594:27)
    at Interface.emit (events.js:182:13)
    at Interface._onLine (readline.js:290:10)
    at Interface._normalWrite (readline.js:433:12)
    at Socket.ondata (readline.js:149:10)
    at Socket.emit (events.js:182:13)
    at addChunk (_stream_readable.js:283:12)
    at readableAddChunk (_stream_readable.js:264:11)
    at Socket.Readable.push (_stream_readable.js:219:10)
    at Pipe.onStreamRead [as onread] (internal/stream_base_commons.js:94:17): Error: <semantic> TypeScript Server Error (3.6.3)
Cannot read property 'emitNode' of undefined
TypeError: Cannot read property 'emitNode' of undefined
    at Object.getCommentRange (tsserver.js:65828:29)
    at emitNodeList (tsserver.js:89502:51)
    at emitList (tsserver.js:89381:13)
    at Object.writeList (tsserver.js:86818:13)
    at tsserver.js:110952:29
    at Object.mapToDisplayParts (tsserver.js:100181:13)
    at itemInfoForParameters (tsserver.js:110949:41)
    at getSignatureHelpItem (tsserver.js:110915:95)
    at tsserver.js:110888:79
    at Array.map (<anonymous>)
    at createSignatureHelpItems (tsserver.js:110888:36)
    at tsserver.js:110480:23
    at Object.runWithCancellationToken (tsserver.js:32458:28)
    at Object.getSignatureHelpItems (tsserver.js:110478:32)
    at Object.getSignatureHelpItems (tsserver.js:125709:37)
    at IOSession.Session.getSignatureHelpItems (tsserver.js:134816:62)
    at Session.handlers.ts.createMapFromTemplate._a.(anonymous function) (tsserver.js:133744:61)
    at tsserver.js:135256:88
    at IOSession.Session.executeWithRequestId (tsserver.js:135247:28)
    at IOSession.Session.executeCommand (tsserver.js:135256:33)
    at IOSession.Session.onMessage (tsserver.js:135279:35)
    at Interface.<anonymous> (tsserver.js:136594:27)
    at Interface.emit (events.js:182:13)
    at Interface._onLine (readline.js:290:10)
    at Interface._normalWrite (readline.js:433:12)
    at Socket.ondata (readline.js:149:10)
    at Socket.emit (events.js:182:13)
    at addChunk (_stream_readable.js:283:12)
    at readableAddChunk (_stream_readable.js:264:11)
    at Socket.Readable.push (_stream_readable.js:219:10)
    at Pipe.onStreamRead [as onread] (internal/stream_base_commons.js:94:17)
	at Function.create (/usr/share/code/resources/app/extensions/typescript-language-features/dist/extension.js:53:63415)
	at h.dispatchResponse (/usr/share/code/resources/app/extensions/typescript-language-features/dist/extension.js:53:56570)
	at h.dispatchMessage (/usr/share/code/resources/app/extensions/typescript-language-features/dist/extension.js:53:55468)
	at _reader.onData.e (/usr/share/code/resources/app/extensions/typescript-language-features/dist/extension.js:53:54944)
	at l.fire (/usr/share/code/resources/app/out/vs/workbench/services/extensions/node/extensionHostProcess.js:50:519)
	at t.Reader.onLengthData (/usr/share/code/resources/app/extensions/typescript-language-features/dist/extension.js:53:61635)
	at Socket.e.on.e (/usr/share/code/resources/app/extensions/typescript-language-features/dist/extension.js:53:61283)
	at Socket.emit (events.js:182:13)
	at addChunk (_stream_readable.js:283:12)
	at readableAddChunk (_stream_readable.js:264:11)
	at Socket.Readable.push (_stream_readable.js:219:10)
	at Pipe.onStreamRead [as onread] (internal/stream_base_commons.js:94:17)
[2019-11-02 19:34:55.746] [renderer1] [error] <semantic> TypeScript Server Error (3.6.3)
Cannot read property 'emitNode' of undefined
TypeError: Cannot read property 'emitNode' of undefined
    at Object.getCommentRange (tsserver.js:65828:29)
    at emitNodeList (tsserver.js:89502:51)
    at emitList (tsserver.js:89381:13)
    at Object.writeList (tsserver.js:86818:13)
    at tsserver.js:110952:29
    at Object.mapToDisplayParts (tsserver.js:100181:13)
    at itemInfoForParameters (tsserver.js:110949:41)
    at getSignatureHelpItem (tsserver.js:110915:95)
    at tsserver.js:110888:79
    at Array.map (<anonymous>)
    at createSignatureHelpItems (tsserver.js:110888:36)
    at tsserver.js:110480:23
    at Object.runWithCancellationToken (tsserver.js:32458:28)
    at Object.getSignatureHelpItems (tsserver.js:110478:32)
    at Object.getSignatureHelpItems (tsserver.js:125709:37)
    at IOSession.Session.getSignatureHelpItems (tsserver.js:134816:62)
    at Session.handlers.ts.createMapFromTemplate._a.(anonymous function) (tsserver.js:133744:61)
    at tsserver.js:135256:88
    at IOSession.Session.executeWithRequestId (tsserver.js:135247:28)
    at IOSession.Session.executeCommand (tsserver.js:135256:33)
    at IOSession.Session.onMessage (tsserver.js:135279:35)
    at Interface.<anonymous> (tsserver.js:136594:27)
    at Interface.emit (events.js:182:13)
    at Interface._onLine (readline.js:290:10)
    at Interface._normalWrite (readline.js:433:12)
    at Socket.ondata (readline.js:149:10)
    at Socket.emit (events.js:182:13)
    at addChunk (_stream_readable.js:283:12)
    at readableAddChunk (_stream_readable.js:264:11)
    at Socket.Readable.push (_stream_readable.js:219:10)
    at Pipe.onStreamRead [as onread] (internal/stream_base_commons.js:94:17): Error: <semantic> TypeScript Server Error (3.6.3)
Cannot read property 'emitNode' of undefined
TypeError: Cannot read property 'emitNode' of undefined
    at Object.getCommentRange (tsserver.js:65828:29)
    at emitNodeList (tsserver.js:89502:51)
    at emitList (tsserver.js:89381:13)
    at Object.writeList (tsserver.js:86818:13)
    at tsserver.js:110952:29
    at Object.mapToDisplayParts (tsserver.js:100181:13)
    at itemInfoForParameters (tsserver.js:110949:41)
    at getSignatureHelpItem (tsserver.js:110915:95)
    at tsserver.js:110888:79
    at Array.map (<anonymous>)
    at createSignatureHelpItems (tsserver.js:110888:36)
    at tsserver.js:110480:23
    at Object.runWithCancellationToken (tsserver.js:32458:28)
    at Object.getSignatureHelpItems (tsserver.js:110478:32)
    at Object.getSignatureHelpItems (tsserver.js:125709:37)
    at IOSession.Session.getSignatureHelpItems (tsserver.js:134816:62)
    at Session.handlers.ts.createMapFromTemplate._a.(anonymous function) (tsserver.js:133744:61)
    at tsserver.js:135256:88
    at IOSession.Session.executeWithRequestId (tsserver.js:135247:28)
    at IOSession.Session.executeCommand (tsserver.js:135256:33)
    at IOSession.Session.onMessage (tsserver.js:135279:35)
    at Interface.<anonymous> (tsserver.js:136594:27)
    at Interface.emit (events.js:182:13)
    at Interface._onLine (readline.js:290:10)
    at Interface._normalWrite (readline.js:433:12)
    at Socket.ondata (readline.js:149:10)
    at Socket.emit (events.js:182:13)
    at addChunk (_stream_readable.js:283:12)
    at readableAddChunk (_stream_readable.js:264:11)
    at Socket.Readable.push (_stream_readable.js:219:10)
    at Pipe.onStreamRead [as onread] (internal/stream_base_commons.js:94:17)
	at Function.create (/usr/share/code/resources/app/extensions/typescript-language-features/dist/extension.js:53:63415)
	at h.dispatchResponse (/usr/share/code/resources/app/extensions/typescript-language-features/dist/extension.js:53:56570)
	at h.dispatchMessage (/usr/share/code/resources/app/extensions/typescript-language-features/dist/extension.js:53:55468)
	at _reader.onData.e (/usr/share/code/resources/app/extensions/typescript-language-features/dist/extension.js:53:54944)
	at l.fire (/usr/share/code/resources/app/out/vs/workbench/services/extensions/node/extensionHostProcess.js:50:519)
	at t.Reader.onLengthData (/usr/share/code/resources/app/extensions/typescript-language-features/dist/extension.js:53:61635)
	at Socket.e.on.e (/usr/share/code/resources/app/extensions/typescript-language-features/dist/extension.js:53:61283)
	at Socket.emit (events.js:182:13)
	at addChunk (_stream_readable.js:283:12)
	at readableAddChunk (_stream_readable.js:264:11)
	at Socket.Readable.push (_stream_readable.js:219:10)
	at Pipe.onStreamRead [as onread] (internal/stream_base_commons.js:94:17)
[2019-11-02 19:36:45.554] [renderer1] [error] <semantic> TypeScript Server Error (3.6.3)
Cannot read property 'emitNode' of undefined
TypeError: Cannot read property 'emitNode' of undefined
    at Object.getCommentRange (tsserver.js:65828:29)
    at emitNodeList (tsserver.js:89502:51)
    at emitList (tsserver.js:89381:13)
    at Object.writeList (tsserver.js:86818:13)
    at tsserver.js:110952:29
    at Object.mapToDisplayParts (tsserver.js:100181:13)
    at itemInfoForParameters (tsserver.js:110949:41)
    at getSignatureHelpItem (tsserver.js:110915:95)
    at tsserver.js:110888:79
    at Array.map (<anonymous>)
    at createSignatureHelpItems (tsserver.js:110888:36)
    at tsserver.js:110480:23
    at Object.runWithCancellationToken (tsserver.js:32458:28)
    at Object.getSignatureHelpItems (tsserver.js:110478:32)
    at Object.getSignatureHelpItems (tsserver.js:125709:37)
    at IOSession.Session.getSignatureHelpItems (tsserver.js:134816:62)
    at Session.handlers.ts.createMapFromTemplate._a.(anonymous function) (tsserver.js:133744:61)
    at tsserver.js:135256:88
    at IOSession.Session.executeWithRequestId (tsserver.js:135247:28)
    at IOSession.Session.executeCommand (tsserver.js:135256:33)
    at IOSession.Session.onMessage (tsserver.js:135279:35)
    at Interface.<anonymous> (tsserver.js:136594:27)
    at Interface.emit (events.js:182:13)
    at Interface._onLine (readline.js:290:10)
    at Interface._normalWrite (readline.js:433:12)
    at Socket.ondata (readline.js:149:10)
    at Socket.emit (events.js:182:13)
    at addChunk (_stream_readable.js:283:12)
    at readableAddChunk (_stream_readable.js:264:11)
    at Socket.Readable.push (_stream_readable.js:219:10)
    at Pipe.onStreamRead [as onread] (internal/stream_base_commons.js:94:17): Error: <semantic> TypeScript Server Error (3.6.3)
Cannot read property 'emitNode' of undefined
TypeError: Cannot read property 'emitNode' of undefined
    at Object.getCommentRange (tsserver.js:65828:29)
    at emitNodeList (tsserver.js:89502:51)
    at emitList (tsserver.js:89381:13)
    at Object.writeList (tsserver.js:86818:13)
    at tsserver.js:110952:29
    at Object.mapToDisplayParts (tsserver.js:100181:13)
    at itemInfoForParameters (tsserver.js:110949:41)
    at getSignatureHelpItem (tsserver.js:110915:95)
    at tsserver.js:110888:79
    at Array.map (<anonymous>)
    at createSignatureHelpItems (tsserver.js:110888:36)
    at tsserver.js:110480:23
    at Object.runWithCancellationToken (tsserver.js:32458:28)
    at Object.getSignatureHelpItems (tsserver.js:110478:32)
    at Object.getSignatureHelpItems (tsserver.js:125709:37)
    at IOSession.Session.getSignatureHelpItems (tsserver.js:134816:62)
    at Session.handlers.ts.createMapFromTemplate._a.(anonymous function) (tsserver.js:133744:61)
    at tsserver.js:135256:88
    at IOSession.Session.executeWithRequestId (tsserver.js:135247:28)
    at IOSession.Session.executeCommand (tsserver.js:135256:33)
    at IOSession.Session.onMessage (tsserver.js:135279:35)
    at Interface.<anonymous> (tsserver.js:136594:27)
    at Interface.emit (events.js:182:13)
    at Interface._onLine (readline.js:290:10)
    at Interface._normalWrite (readline.js:433:12)
    at Socket.ondata (readline.js:149:10)
    at Socket.emit (events.js:182:13)
    at addChunk (_stream_readable.js:283:12)
    at readableAddChunk (_stream_readable.js:264:11)
    at Socket.Readable.push (_stream_readable.js:219:10)
    at Pipe.onStreamRead [as onread] (internal/stream_base_commons.js:94:17)
	at Function.create (/usr/share/code/resources/app/extensions/typescript-language-features/dist/extension.js:53:63415)
	at h.dispatchResponse (/usr/share/code/resources/app/extensions/typescript-language-features/dist/extension.js:53:56570)
	at h.dispatchMessage (/usr/share/code/resources/app/extensions/typescript-language-features/dist/extension.js:53:55468)
	at _reader.onData.e (/usr/share/code/resources/app/extensions/typescript-language-features/dist/extension.js:53:54944)
	at l.fire (/usr/share/code/resources/app/out/vs/workbench/services/extensions/node/extensionHostProcess.js:50:519)
	at t.Reader.onLengthData (/usr/share/code/resources/app/extensions/typescript-language-features/dist/extension.js:53:61635)
	at Socket.e.on.e (/usr/share/code/resources/app/extensions/typescript-language-features/dist/extension.js:53:61283)
	at Socket.emit (events.js:182:13)
	at addChunk (_stream_readable.js:283:12)
	at readableAddChunk (_stream_readable.js:264:11)
	at Socket.Readable.push (_stream_readable.js:219:10)
	at Pipe.onStreamRead [as onread] (internal/stream_base_commons.js:94:17)
[2019-11-02 19:36:56.960] [renderer1] [error] <semantic> TypeScript Server Error (3.6.3)
Cannot read property 'emitNode' of undefined
TypeError: Cannot read property 'emitNode' of undefined
    at Object.getCommentRange (tsserver.js:65828:29)
    at emitNodeList (tsserver.js:89502:51)
    at emitList (tsserver.js:89381:13)
    at Object.writeList (tsserver.js:86818:13)
    at tsserver.js:110952:29
    at Object.mapToDisplayParts (tsserver.js:100181:13)
    at itemInfoForParameters (tsserver.js:110949:41)
    at getSignatureHelpItem (tsserver.js:110915:95)
    at tsserver.js:110888:79
    at Array.map (<anonymous>)
    at createSignatureHelpItems (tsserver.js:110888:36)
    at tsserver.js:110480:23
    at Object.runWithCancellationToken (tsserver.js:32458:28)
    at Object.getSignatureHelpItems (tsserver.js:110478:32)
    at Object.getSignatureHelpItems (tsserver.js:125709:37)
    at IOSession.Session.getSignatureHelpItems (tsserver.js:134816:62)
    at Session.handlers.ts.createMapFromTemplate._a.(anonymous function) (tsserver.js:133744:61)
    at tsserver.js:135256:88
    at IOSession.Session.executeWithRequestId (tsserver.js:135247:28)
    at IOSession.Session.executeCommand (tsserver.js:135256:33)
    at IOSession.Session.onMessage (tsserver.js:135279:35)
    at Interface.<anonymous> (tsserver.js:136594:27)
    at Interface.emit (events.js:182:13)
    at Interface._onLine (readline.js:290:10)
    at Interface._normalWrite (readline.js:433:12)
    at Socket.ondata (readline.js:149:10)
    at Socket.emit (events.js:182:13)
    at addChunk (_stream_readable.js:283:12)
    at readableAddChunk (_stream_readable.js:264:11)
    at Socket.Readable.push (_stream_readable.js:219:10)
    at Pipe.onStreamRead [as onread] (internal/stream_base_commons.js:94:17): Error: <semantic> TypeScript Server Error (3.6.3)
Cannot read property 'emitNode' of undefined
TypeError: Cannot read property 'emitNode' of undefined
    at Object.getCommentRange (tsserver.js:65828:29)
    at emitNodeList (tsserver.js:89502:51)
    at emitList (tsserver.js:89381:13)
    at Object.writeList (tsserver.js:86818:13)
    at tsserver.js:110952:29
    at Object.mapToDisplayParts (tsserver.js:100181:13)
    at itemInfoForParameters (tsserver.js:110949:41)
    at getSignatureHelpItem (tsserver.js:110915:95)
    at tsserver.js:110888:79
    at Array.map (<anonymous>)
    at createSignatureHelpItems (tsserver.js:110888:36)
    at tsserver.js:110480:23
    at Object.runWithCancellationToken (tsserver.js:32458:28)
    at Object.getSignatureHelpItems (tsserver.js:110478:32)
    at Object.getSignatureHelpItems (tsserver.js:125709:37)
    at IOSession.Session.getSignatureHelpItems (tsserver.js:134816:62)
    at Session.handlers.ts.createMapFromTemplate._a.(anonymous function) (tsserver.js:133744:61)
    at tsserver.js:135256:88
    at IOSession.Session.executeWithRequestId (tsserver.js:135247:28)
    at IOSession.Session.executeCommand (tsserver.js:135256:33)
    at IOSession.Session.onMessage (tsserver.js:135279:35)
    at Interface.<anonymous> (tsserver.js:136594:27)
    at Interface.emit (events.js:182:13)
    at Interface._onLine (readline.js:290:10)
    at Interface._normalWrite (readline.js:433:12)
    at Socket.ondata (readline.js:149:10)
    at Socket.emit (events.js:182:13)
    at addChunk (_stream_readable.js:283:12)
    at readableAddChunk (_stream_readable.js:264:11)
    at Socket.Readable.push (_stream_readable.js:219:10)
    at Pipe.onStreamRead [as onread] (internal/stream_base_commons.js:94:17)
	at Function.create (/usr/share/code/resources/app/extensions/typescript-language-features/dist/extension.js:53:63415)
	at h.dispatchResponse (/usr/share/code/resources/app/extensions/typescript-language-features/dist/extension.js:53:56570)
	at h.dispatchMessage (/usr/share/code/resources/app/extensions/typescript-language-features/dist/extension.js:53:55468)
	at _reader.onData.e (/usr/share/code/resources/app/extensions/typescript-language-features/dist/extension.js:53:54944)
	at l.fire (/usr/share/code/resources/app/out/vs/workbench/services/extensions/node/extensionHostProcess.js:50:519)
	at t.Reader.onLengthData (/usr/share/code/resources/app/extensions/typescript-language-features/dist/extension.js:53:61635)
	at Socket.e.on.e (/usr/share/code/resources/app/extensions/typescript-language-features/dist/extension.js:53:61283)
	at Socket.emit (events.js:182:13)
	at addChunk (_stream_readable.js:283:12)
	at readableAddChunk (_stream_readable.js:264:11)
	at Socket.Readable.push (_stream_readable.js:219:10)
	at Pipe.onStreamRead [as onread] (internal/stream_base_commons.js:94:17)
[2019-11-02 21:50:38.497] [renderer1] [error] <semantic> TypeScript Server Error (3.6.3)
Cannot read property 'emitNode' of undefined
TypeError: Cannot read property 'emitNode' of undefined
    at Object.getCommentRange (tsserver.js:65828:29)
    at emitNodeList (tsserver.js:89502:51)
    at emitList (tsserver.js:89381:13)
    at Object.writeList (tsserver.js:86818:13)
    at tsserver.js:110952:29
    at Object.mapToDisplayParts (tsserver.js:100181:13)
    at itemInfoForParameters (tsserver.js:110949:41)
    at getSignatureHelpItem (tsserver.js:110915:95)
    at tsserver.js:110888:79
    at Array.map (<anonymous>)
    at createSignatureHelpItems (tsserver.js:110888:36)
    at tsserver.js:110480:23
    at Object.runWithCancellationToken (tsserver.js:32458:28)
    at Object.getSignatureHelpItems (tsserver.js:110478:32)
    at Object.getSignatureHelpItems (tsserver.js:125709:37)
    at IOSession.Session.getSignatureHelpItems (tsserver.js:134816:62)
    at Session.handlers.ts.createMapFromTemplate._a.(anonymous function) (tsserver.js:133744:61)
    at tsserver.js:135256:88
    at IOSession.Session.executeWithRequestId (tsserver.js:135247:28)
    at IOSession.Session.executeCommand (tsserver.js:135256:33)
    at IOSession.Session.onMessage (tsserver.js:135279:35)
    at Interface.<anonymous> (tsserver.js:136594:27)
    at Interface.emit (events.js:182:13)
    at Interface._onLine (readline.js:290:10)
    at Interface._normalWrite (readline.js:433:12)
    at Socket.ondata (readline.js:149:10)
    at Socket.emit (events.js:182:13)
    at addChunk (_stream_readable.js:283:12)
    at readableAddChunk (_stream_readable.js:264:11)
    at Socket.Readable.push (_stream_readable.js:219:10)
    at Pipe.onStreamRead [as onread] (internal/stream_base_commons.js:94:17): Error: <semantic> TypeScript Server Error (3.6.3)
Cannot read property 'emitNode' of undefined
TypeError: Cannot read property 'emitNode' of undefined
    at Object.getCommentRange (tsserver.js:65828:29)
    at emitNodeList (tsserver.js:89502:51)
    at emitList (tsserver.js:89381:13)
    at Object.writeList (tsserver.js:86818:13)
    at tsserver.js:110952:29
    at Object.mapToDisplayParts (tsserver.js:100181:13)
    at itemInfoForParameters (tsserver.js:110949:41)
    at getSignatureHelpItem (tsserver.js:110915:95)
    at tsserver.js:110888:79
    at Array.map (<anonymous>)
    at createSignatureHelpItems (tsserver.js:110888:36)
    at tsserver.js:110480:23
    at Object.runWithCancellationToken (tsserver.js:32458:28)
    at Object.getSignatureHelpItems (tsserver.js:110478:32)
    at Object.getSignatureHelpItems (tsserver.js:125709:37)
    at IOSession.Session.getSignatureHelpItems (tsserver.js:134816:62)
    at Session.handlers.ts.createMapFromTemplate._a.(anonymous function) (tsserver.js:133744:61)
    at tsserver.js:135256:88
    at IOSession.Session.executeWithRequestId (tsserver.js:135247:28)
    at IOSession.Session.executeCommand (tsserver.js:135256:33)
    at IOSession.Session.onMessage (tsserver.js:135279:35)
    at Interface.<anonymous> (tsserver.js:136594:27)
    at Interface.emit (events.js:182:13)
    at Interface._onLine (readline.js:290:10)
    at Interface._normalWrite (readline.js:433:12)
    at Socket.ondata (readline.js:149:10)
    at Socket.emit (events.js:182:13)
    at addChunk (_stream_readable.js:283:12)
    at readableAddChunk (_stream_readable.js:264:11)
    at Socket.Readable.push (_stream_readable.js:219:10)
    at Pipe.onStreamRead [as onread] (internal/stream_base_commons.js:94:17)
	at Function.create (/usr/share/code/resources/app/extensions/typescript-language-features/dist/extension.js:53:63415)
	at h.dispatchResponse (/usr/share/code/resources/app/extensions/typescript-language-features/dist/extension.js:53:56570)
	at h.dispatchMessage (/usr/share/code/resources/app/extensions/typescript-language-features/dist/extension.js:53:55468)
	at _reader.onData.e (/usr/share/code/resources/app/extensions/typescript-language-features/dist/extension.js:53:54944)
	at l.fire (/usr/share/code/resources/app/out/vs/workbench/services/extensions/node/extensionHostProcess.js:50:519)
	at t.Reader.onLengthData (/usr/share/code/resources/app/extensions/typescript-language-features/dist/extension.js:53:61635)
	at Socket.e.on.e (/usr/share/code/resources/app/extensions/typescript-language-features/dist/extension.js:53:61283)
	at Socket.emit (events.js:182:13)
	at addChunk (_stream_readable.js:283:12)
	at readableAddChunk (_stream_readable.js:264:11)
	at Socket.Readable.push (_stream_readable.js:219:10)
	at Pipe.onStreamRead [as onread] (internal/stream_base_commons.js:94:17)
[2019-11-02 21:50:52.526] [renderer1] [error] <semantic> TypeScript Server Error (3.6.3)
Cannot read property 'emitNode' of undefined
TypeError: Cannot read property 'emitNode' of undefined
    at Object.getCommentRange (tsserver.js:65828:29)
    at emitNodeList (tsserver.js:89502:51)
    at emitList (tsserver.js:89381:13)
    at Object.writeList (tsserver.js:86818:13)
    at tsserver.js:110952:29
    at Object.mapToDisplayParts (tsserver.js:100181:13)
    at itemInfoForParameters (tsserver.js:110949:41)
    at getSignatureHelpItem (tsserver.js:110915:95)
    at tsserver.js:110888:79
    at Array.map (<anonymous>)
    at createSignatureHelpItems (tsserver.js:110888:36)
    at tsserver.js:110480:23
    at Object.runWithCancellationToken (tsserver.js:32458:28)
    at Object.getSignatureHelpItems (tsserver.js:110478:32)
    at Object.getSignatureHelpItems (tsserver.js:125709:37)
    at IOSession.Session.getSignatureHelpItems (tsserver.js:134816:62)
    at Session.handlers.ts.createMapFromTemplate._a.(anonymous function) (tsserver.js:133744:61)
    at tsserver.js:135256:88
    at IOSession.Session.executeWithRequestId (tsserver.js:135247:28)
    at IOSession.Session.executeCommand (tsserver.js:135256:33)
    at IOSession.Session.onMessage (tsserver.js:135279:35)
    at Interface.<anonymous> (tsserver.js:136594:27)
    at Interface.emit (events.js:182:13)
    at Interface._onLine (readline.js:290:10)
    at Interface._normalWrite (readline.js:433:12)
    at Socket.ondata (readline.js:149:10)
    at Socket.emit (events.js:182:13)
    at addChunk (_stream_readable.js:283:12)
    at readableAddChunk (_stream_readable.js:264:11)
    at Socket.Readable.push (_stream_readable.js:219:10)
    at Pipe.onStreamRead [as onread] (internal/stream_base_commons.js:94:17): Error: <semantic> TypeScript Server Error (3.6.3)
Cannot read property 'emitNode' of undefined
TypeError: Cannot read property 'emitNode' of undefined
    at Object.getCommentRange (tsserver.js:65828:29)
    at emitNodeList (tsserver.js:89502:51)
    at emitList (tsserver.js:89381:13)
    at Object.writeList (tsserver.js:86818:13)
    at tsserver.js:110952:29
    at Object.mapToDisplayParts (tsserver.js:100181:13)
    at itemInfoForParameters (tsserver.js:110949:41)
    at getSignatureHelpItem (tsserver.js:110915:95)
    at tsserver.js:110888:79
    at Array.map (<anonymous>)
    at createSignatureHelpItems (tsserver.js:110888:36)
    at tsserver.js:110480:23
    at Object.runWithCancellationToken (tsserver.js:32458:28)
    at Object.getSignatureHelpItems (tsserver.js:110478:32)
    at Object.getSignatureHelpItems (tsserver.js:125709:37)
    at IOSession.Session.getSignatureHelpItems (tsserver.js:134816:62)
    at Session.handlers.ts.createMapFromTemplate._a.(anonymous function) (tsserver.js:133744:61)
    at tsserver.js:135256:88
    at IOSession.Session.executeWithRequestId (tsserver.js:135247:28)
    at IOSession.Session.executeCommand (tsserver.js:135256:33)
    at IOSession.Session.onMessage (tsserver.js:135279:35)
    at Interface.<anonymous> (tsserver.js:136594:27)
    at Interface.emit (events.js:182:13)
    at Interface._onLine (readline.js:290:10)
    at Interface._normalWrite (readline.js:433:12)
    at Socket.ondata (readline.js:149:10)
    at Socket.emit (events.js:182:13)
    at addChunk (_stream_readable.js:283:12)
    at readableAddChunk (_stream_readable.js:264:11)
    at Socket.Readable.push (_stream_readable.js:219:10)
    at Pipe.onStreamRead [as onread] (internal/stream_base_commons.js:94:17)
	at Function.create (/usr/share/code/resources/app/extensions/typescript-language-features/dist/extension.js:53:63415)
	at h.dispatchResponse (/usr/share/code/resources/app/extensions/typescript-language-features/dist/extension.js:53:56570)
	at h.dispatchMessage (/usr/share/code/resources/app/extensions/typescript-language-features/dist/extension.js:53:55468)
	at _reader.onData.e (/usr/share/code/resources/app/extensions/typescript-language-features/dist/extension.js:53:54944)
	at l.fire (/usr/share/code/resources/app/out/vs/workbench/services/extensions/node/extensionHostProcess.js:50:519)
	at t.Reader.onLengthData (/usr/share/code/resources/app/extensions/typescript-language-features/dist/extension.js:53:61635)
	at Socket.e.on.e (/usr/share/code/resources/app/extensions/typescript-language-features/dist/extension.js:53:61283)
	at Socket.emit (events.js:182:13)
	at addChunk (_stream_readable.js:283:12)
	at readableAddChunk (_stream_readable.js:264:11)
	at Socket.Readable.push (_stream_readable.js:219:10)
	at Pipe.onStreamRead [as onread] (internal/stream_base_commons.js:94:17)
[2019-11-02 21:50:55.174] [renderer1] [error] <semantic> TypeScript Server Error (3.6.3)
Cannot read property 'emitNode' of undefined
TypeError: Cannot read property 'emitNode' of undefined
    at Object.getCommentRange (tsserver.js:65828:29)
    at emitNodeList (tsserver.js:89502:51)
    at emitList (tsserver.js:89381:13)
    at Object.writeList (tsserver.js:86818:13)
    at tsserver.js:110952:29
    at Object.mapToDisplayParts (tsserver.js:100181:13)
    at itemInfoForParameters (tsserver.js:110949:41)
    at getSignatureHelpItem (tsserver.js:110915:95)
    at tsserver.js:110888:79
    at Array.map (<anonymous>)
    at createSignatureHelpItems (tsserver.js:110888:36)
    at tsserver.js:110480:23
    at Object.runWithCancellationToken (tsserver.js:32458:28)
    at Object.getSignatureHelpItems (tsserver.js:110478:32)
    at Object.getSignatureHelpItems (tsserver.js:125709:37)
    at IOSession.Session.getSignatureHelpItems (tsserver.js:134816:62)
    at Session.handlers.ts.createMapFromTemplate._a.(anonymous function) (tsserver.js:133744:61)
    at tsserver.js:135256:88
    at IOSession.Session.executeWithRequestId (tsserver.js:135247:28)
    at IOSession.Session.executeCommand (tsserver.js:135256:33)
    at IOSession.Session.onMessage (tsserver.js:135279:35)
    at Interface.<anonymous> (tsserver.js:136594:27)
    at Interface.emit (events.js:182:13)
    at Interface._onLine (readline.js:290:10)
    at Interface._normalWrite (readline.js:433:12)
    at Socket.ondata (readline.js:149:10)
    at Socket.emit (events.js:182:13)
    at addChunk (_stream_readable.js:283:12)
    at readableAddChunk (_stream_readable.js:264:11)
    at Socket.Readable.push (_stream_readable.js:219:10)
    at Pipe.onStreamRead [as onread] (internal/stream_base_commons.js:94:17): Error: <semantic> TypeScript Server Error (3.6.3)
Cannot read property 'emitNode' of undefined
TypeError: Cannot read property 'emitNode' of undefined
    at Object.getCommentRange (tsserver.js:65828:29)
    at emitNodeList (tsserver.js:89502:51)
    at emitList (tsserver.js:89381:13)
    at Object.writeList (tsserver.js:86818:13)
    at tsserver.js:110952:29
    at Object.mapToDisplayParts (tsserver.js:100181:13)
    at itemInfoForParameters (tsserver.js:110949:41)
    at getSignatureHelpItem (tsserver.js:110915:95)
    at tsserver.js:110888:79
    at Array.map (<anonymous>)
    at createSignatureHelpItems (tsserver.js:110888:36)
    at tsserver.js:110480:23
    at Object.runWithCancellationToken (tsserver.js:32458:28)
    at Object.getSignatureHelpItems (tsserver.js:110478:32)
    at Object.getSignatureHelpItems (tsserver.js:125709:37)
    at IOSession.Session.getSignatureHelpItems (tsserver.js:134816:62)
    at Session.handlers.ts.createMapFromTemplate._a.(anonymous function) (tsserver.js:133744:61)
    at tsserver.js:135256:88
    at IOSession.Session.executeWithRequestId (tsserver.js:135247:28)
    at IOSession.Session.executeCommand (tsserver.js:135256:33)
    at IOSession.Session.onMessage (tsserver.js:135279:35)
    at Interface.<anonymous> (tsserver.js:136594:27)
    at Interface.emit (events.js:182:13)
    at Interface._onLine (readline.js:290:10)
    at Interface._normalWrite (readline.js:433:12)
    at Socket.ondata (readline.js:149:10)
    at Socket.emit (events.js:182:13)
    at addChunk (_stream_readable.js:283:12)
    at readableAddChunk (_stream_readable.js:264:11)
    at Socket.Readable.push (_stream_readable.js:219:10)
    at Pipe.onStreamRead [as onread] (internal/stream_base_commons.js:94:17)
	at Function.create (/usr/share/code/resources/app/extensions/typescript-language-features/dist/extension.js:53:63415)
	at h.dispatchResponse (/usr/share/code/resources/app/extensions/typescript-language-features/dist/extension.js:53:56570)
	at h.dispatchMessage (/usr/share/code/resources/app/extensions/typescript-language-features/dist/extension.js:53:55468)
	at _reader.onData.e (/usr/share/code/resources/app/extensions/typescript-language-features/dist/extension.js:53:54944)
	at l.fire (/usr/share/code/resources/app/out/vs/workbench/services/extensions/node/extensionHostProcess.js:50:519)
	at t.Reader.onLengthData (/usr/share/code/resources/app/extensions/typescript-language-features/dist/extension.js:53:61635)
	at Socket.e.on.e (/usr/share/code/resources/app/extensions/typescript-language-features/dist/extension.js:53:61283)
	at Socket.emit (events.js:182:13)
	at addChunk (_stream_readable.js:283:12)
	at readableAddChunk (_stream_readable.js:264:11)
	at Socket.Readable.push (_stream_readable.js:219:10)
	at Pipe.onStreamRead [as onread] (internal/stream_base_commons.js:94:17)
[2019-11-02 21:50:57.911] [renderer1] [error] <semantic> TypeScript Server Error (3.6.3)
Cannot read property 'emitNode' of undefined
TypeError: Cannot read property 'emitNode' of undefined
    at Object.getCommentRange (tsserver.js:65828:29)
    at emitNodeList (tsserver.js:89502:51)
    at emitList (tsserver.js:89381:13)
    at Object.writeList (tsserver.js:86818:13)
    at tsserver.js:110952:29
    at Object.mapToDisplayParts (tsserver.js:100181:13)
    at itemInfoForParameters (tsserver.js:110949:41)
    at getSignatureHelpItem (tsserver.js:110915:95)
    at tsserver.js:110888:79
    at Array.map (<anonymous>)
    at createSignatureHelpItems (tsserver.js:110888:36)
    at tsserver.js:110480:23
    at Object.runWithCancellationToken (tsserver.js:32458:28)
    at Object.getSignatureHelpItems (tsserver.js:110478:32)
    at Object.getSignatureHelpItems (tsserver.js:125709:37)
    at IOSession.Session.getSignatureHelpItems (tsserver.js:134816:62)
    at Session.handlers.ts.createMapFromTemplate._a.(anonymous function) (tsserver.js:133744:61)
    at tsserver.js:135256:88
    at IOSession.Session.executeWithRequestId (tsserver.js:135247:28)
    at IOSession.Session.executeCommand (tsserver.js:135256:33)
    at IOSession.Session.onMessage (tsserver.js:135279:35)
    at Interface.<anonymous> (tsserver.js:136594:27)
    at Interface.emit (events.js:182:13)
    at Interface._onLine (readline.js:290:10)
    at Interface._normalWrite (readline.js:433:12)
    at Socket.ondata (readline.js:149:10)
    at Socket.emit (events.js:182:13)
    at addChunk (_stream_readable.js:283:12)
    at readableAddChunk (_stream_readable.js:264:11)
    at Socket.Readable.push (_stream_readable.js:219:10)
    at Pipe.onStreamRead [as onread] (internal/stream_base_commons.js:94:17): Error: <semantic> TypeScript Server Error (3.6.3)
Cannot read property 'emitNode' of undefined
TypeError: Cannot read property 'emitNode' of undefined
    at Object.getCommentRange (tsserver.js:65828:29)
    at emitNodeList (tsserver.js:89502:51)
    at emitList (tsserver.js:89381:13)
    at Object.writeList (tsserver.js:86818:13)
    at tsserver.js:110952:29
    at Object.mapToDisplayParts (tsserver.js:100181:13)
    at itemInfoForParameters (tsserver.js:110949:41)
    at getSignatureHelpItem (tsserver.js:110915:95)
    at tsserver.js:110888:79
    at Array.map (<anonymous>)
    at createSignatureHelpItems (tsserver.js:110888:36)
    at tsserver.js:110480:23
    at Object.runWithCancellationToken (tsserver.js:32458:28)
    at Object.getSignatureHelpItems (tsserver.js:110478:32)
    at Object.getSignatureHelpItems (tsserver.js:125709:37)
    at IOSession.Session.getSignatureHelpItems (tsserver.js:134816:62)
    at Session.handlers.ts.createMapFromTemplate._a.(anonymous function) (tsserver.js:133744:61)
    at tsserver.js:135256:88
    at IOSession.Session.executeWithRequestId (tsserver.js:135247:28)
    at IOSession.Session.executeCommand (tsserver.js:135256:33)
    at IOSession.Session.onMessage (tsserver.js:135279:35)
    at Interface.<anonymous> (tsserver.js:136594:27)
    at Interface.emit (events.js:182:13)
    at Interface._onLine (readline.js:290:10)
    at Interface._normalWrite (readline.js:433:12)
    at Socket.ondata (readline.js:149:10)
    at Socket.emit (events.js:182:13)
    at addChunk (_stream_readable.js:283:12)
    at readableAddChunk (_stream_readable.js:264:11)
    at Socket.Readable.push (_stream_readable.js:219:10)
    at Pipe.onStreamRead [as onread] (internal/stream_base_commons.js:94:17)
	at Function.create (/usr/share/code/resources/app/extensions/typescript-language-features/dist/extension.js:53:63415)
	at h.dispatchResponse (/usr/share/code/resources/app/extensions/typescript-language-features/dist/extension.js:53:56570)
	at h.dispatchMessage (/usr/share/code/resources/app/extensions/typescript-language-features/dist/extension.js:53:55468)
	at _reader.onData.e (/usr/share/code/resources/app/extensions/typescript-language-features/dist/extension.js:53:54944)
	at l.fire (/usr/share/code/resources/app/out/vs/workbench/services/extensions/node/extensionHostProcess.js:50:519)
	at t.Reader.onLengthData (/usr/share/code/resources/app/extensions/typescript-language-features/dist/extension.js:53:61635)
	at Socket.e.on.e (/usr/share/code/resources/app/extensions/typescript-language-features/dist/extension.js:53:61283)
	at Socket.emit (events.js:182:13)
	at addChunk (_stream_readable.js:283:12)
	at readableAddChunk (_stream_readable.js:264:11)
	at Socket.Readable.push (_stream_readable.js:219:10)
	at Pipe.onStreamRead [as onread] (internal/stream_base_commons.js:94:17)
